#
# There is insufficient memory for the Java Runtime Environment to continue.
# Native memory allocation (malloc) failed to allocate 1823904 bytes for Chunk::new
# Possible reasons:
#   The system is out of physical RAM or swap space
#   The process is running with CompressedOops enabled, and the Java Heap may be blocking the growth of the native heap
# Possible solutions:
#   Reduce memory load on the system
#   Increase physical memory or swap space
#   Check if swap backing store is full
#   Decrease Java heap size (-Xmx/-Xms)
#   Decrease number of Java threads
#   Decrease Java thread stack sizes (-Xss)
#   Set larger code cache with -XX:ReservedCodeCacheSize=
#   JVM is running with Unscaled Compressed Oops mode in which the Java heap is
#     placed in the first 4GB address space. The Java Heap base address is the
#     maximum limit for the native heap growth. Please use -XX:HeapBaseMinAddress
#     to set the Java Heap base and to place the Java Heap above 4GB virtual address.
# This output file may be truncated or incomplete.
#
#  Out of Memory Error (arena.cpp:189), pid=6116, tid=1512
#
# JRE version: Java(TM) SE Runtime Environment (17.0.8+9) (build 17.0.8+9-LTS-211)
# Java VM: Java HotSpot(TM) 64-Bit Server VM (17.0.8+9-LTS-211, mixed mode, sharing, tiered, compressed oops, compressed class ptrs, g1 gc, windows-amd64)
# No core dump will be written. Minidumps are not enabled by default on client versions of Windows
#

---------------  S U M M A R Y ------------

Command Line: -XX:MaxMetaspaceSize=512m --add-opens=java.base/java.util=ALL-UNNAMED --add-opens=java.base/java.lang=ALL-UNNAMED --add-opens=java.base/java.lang.invoke=ALL-UNNAMED --add-opens=java.prefs/java.util.prefs=ALL-UNNAMED --add-opens=java.base/java.nio.charset=ALL-UNNAMED --add-opens=java.base/java.net=ALL-UNNAMED --add-opens=java.base/java.util.concurrent.atomic=ALL-UNNAMED -Xmx2048m -Dfile.encoding=windows-1252 -Duser.country=IN -Duser.language=en -Duser.variant -javaagent:C:\Users\ADMIN\.gradle\wrapper\dists\gradle-8.6-all\3mbtmo166bl6vumsh5k2lkq5h\gradle-8.6\lib\agents\gradle-instrumentation-agent-8.6.jar org.gradle.launcher.daemon.bootstrap.GradleDaemon 8.6

Host: Intel(R) Core(TM) i5-10210U CPU @ 1.60GHz, 8 cores, 7G,  Windows 11 , 64 bit Build 22621 (10.0.22621.3527)
Time: Mon May 13 15:37:32 2024 India Standard Time elapsed time: 93.306950 seconds (0d 0h 1m 33s)

---------------  T H R E A D  ---------------

Current thread (0x0000029f28fbce50):  JavaThread "C2 CompilerThread0" daemon [_thread_in_native, id=1512, stack(0x000000ad50400000,0x000000ad50500000)]


Current CompileTask:
C2:  93307 9991       4       javax.management.ObjectName::construct (1135 bytes)

Stack: [0x000000ad50400000,0x000000ad50500000]
Native frames: (J=compiled Java code, j=interpreted, Vv=VM code, C=native code)
V  [jvm.dll+0x677d0a]
V  [jvm.dll+0x7d8c54]
V  [jvm.dll+0x7da3fe]
V  [jvm.dll+0x7daa63]
V  [jvm.dll+0x245c5f]
V  [jvm.dll+0xaaa6b]
V  [jvm.dll+0xab00c]
V  [jvm.dll+0x361e8e]
V  [jvm.dll+0x1bba6a]
V  [jvm.dll+0x218157]
V  [jvm.dll+0x217431]
V  [jvm.dll+0x1a3af0]
V  [jvm.dll+0x2270be]
V  [jvm.dll+0x22535b]
V  [jvm.dll+0x78e7bc]
V  [jvm.dll+0x788bba]
V  [jvm.dll+0x676b35]
C  [ucrtbase.dll+0x29333]
C  [KERNEL32.DLL+0x1257d]
C  [ntdll.dll+0x5aa48]


---------------  P R O C E S S  ---------------

Threads class SMR info:
_java_thread_list=0x0000029f4e25e350, length=96, elements={
0x0000029f0addfa70, 0x0000029f28f9fce0, 0x0000029f28fa0b50, 0x0000029f28fb3c70,
0x0000029f28fb4820, 0x0000029f28fb72e0, 0x0000029f28fbbcb0, 0x0000029f28fbce50,
0x0000029f28fce650, 0x0000029f28fd1860, 0x0000029f291ca560, 0x0000029f2927d710,
0x0000029f49757870, 0x0000029f493ce760, 0x0000029f49c64700, 0x0000029f49c61ba0,
0x0000029f49c01880, 0x0000029f49aa6840, 0x0000029f49cca920, 0x0000029f49cf8870,
0x0000029f49ede8c0, 0x0000029f49c60430, 0x0000029f49e61db0, 0x0000029f49e630f0,
0x0000029f49e618e0, 0x0000029f49e62750, 0x0000029f49e62c20, 0x0000029f4acb5d60,
0x0000029f4acb4ef0, 0x0000029f4acb7a40, 0x0000029f4acb6230, 0x0000029f4acb88b0,
0x0000029f4acb1060, 0x0000029f4acb5890, 0x0000029f4acb1530, 0x0000029f4acb7570,
0x0000029f4acb23a0, 0x0000029f4acb1a00, 0x0000029f4acb53c0, 0x0000029f4acb70a0,
0x0000029f4acb1ed0, 0x0000029f4acb6700, 0x0000029f4acb6bd0, 0x0000029f4acb2d40,
0x0000029f4acb3210, 0x0000029f4acb36e0, 0x0000029f4acb3bb0, 0x0000029f4acb4080,
0x0000029f4acb4550, 0x0000029f4c2ff4b0, 0x0000029f4c2fe640, 0x0000029f4c2f8fa0,
0x0000029f4c2fb620, 0x0000029f4c2fdca0, 0x0000029f4c2f9470, 0x0000029f4c2fc490,
0x0000029f4c2fac80, 0x0000029f4c2fc960, 0x0000029f4c2fa2e0, 0x0000029f4c2fd300,
0x0000029f4c2ff980, 0x0000029f4c2fa7b0, 0x0000029f4c2f9e10, 0x0000029f4c2fbaf0,
0x0000029f4c2f8130, 0x0000029f4c2fd7d0, 0x0000029f4c2f8ad0, 0x0000029f4c2fbfc0,
0x0000029f4c2fb150, 0x0000029f4c2fefe0, 0x0000029f4c2f9940, 0x0000029f4c2fce30,
0x0000029f4c2fe170, 0x0000029f4c2f8600, 0x0000029f4d14e570, 0x0000029f4d14d230,
0x0000029f4d152400, 0x0000029f4d152da0, 0x0000029f4d14ba20, 0x0000029f4d14f8b0,
0x0000029f4d151f30, 0x0000029f4d14ea40, 0x0000029f4d151590, 0x0000029f4d14c3c0,
0x0000029f4d14c890, 0x0000029f4d150720, 0x0000029f4d14cd60, 0x0000029f4d14d700,
0x0000029f4d1528d0, 0x0000029f4d1510c0, 0x0000029f4d153270, 0x0000029f4d14fd80,
0x0000029f4d14dbd0, 0x0000029f4d14e0a0, 0x0000029f4d14ef10, 0x0000029f4d151a60
}

Java Threads: ( => current thread )
  0x0000029f0addfa70 JavaThread "main" [_thread_blocked, id=18344, stack(0x000000ad4f700000,0x000000ad4f800000)]
  0x0000029f28f9fce0 JavaThread "Reference Handler" daemon [_thread_blocked, id=13456, stack(0x000000ad4fe00000,0x000000ad4ff00000)]
  0x0000029f28fa0b50 JavaThread "Finalizer" daemon [_thread_blocked, id=2344, stack(0x000000ad4ff00000,0x000000ad50000000)]
  0x0000029f28fb3c70 JavaThread "Signal Dispatcher" daemon [_thread_blocked, id=15796, stack(0x000000ad50000000,0x000000ad50100000)]
  0x0000029f28fb4820 JavaThread "Attach Listener" daemon [_thread_blocked, id=5432, stack(0x000000ad50100000,0x000000ad50200000)]
  0x0000029f28fb72e0 JavaThread "Service Thread" daemon [_thread_blocked, id=6736, stack(0x000000ad50200000,0x000000ad50300000)]
  0x0000029f28fbbcb0 JavaThread "Monitor Deflation Thread" daemon [_thread_blocked, id=4992, stack(0x000000ad50300000,0x000000ad50400000)]
=>0x0000029f28fbce50 JavaThread "C2 CompilerThread0" daemon [_thread_in_native, id=1512, stack(0x000000ad50400000,0x000000ad50500000)]
  0x0000029f28fce650 JavaThread "C1 CompilerThread0" daemon [_thread_blocked, id=17080, stack(0x000000ad50500000,0x000000ad50600000)]
  0x0000029f28fd1860 JavaThread "Sweeper thread" daemon [_thread_blocked, id=8092, stack(0x000000ad50600000,0x000000ad50700000)]
  0x0000029f291ca560 JavaThread "Common-Cleaner" daemon [_thread_blocked, id=2376, stack(0x000000ad50700000,0x000000ad50800000)]
  0x0000029f2927d710 JavaThread "Notification Thread" daemon [_thread_blocked, id=8512, stack(0x000000ad50800000,0x000000ad50900000)]
  0x0000029f49757870 JavaThread "Daemon health stats" [_thread_blocked, id=9620, stack(0x000000ad50e00000,0x000000ad50f00000)]
  0x0000029f493ce760 JavaThread "Incoming local TCP Connector on port 53394" [_thread_in_native, id=4308, stack(0x000000ad50f00000,0x000000ad51000000)]
  0x0000029f49c64700 JavaThread "Daemon periodic checks" [_thread_blocked, id=3644, stack(0x000000ad51000000,0x000000ad51100000)]
  0x0000029f49c61ba0 JavaThread "Daemon" [_thread_blocked, id=17132, stack(0x000000ad51100000,0x000000ad51200000)]
  0x0000029f49c01880 JavaThread "Handler for socket connection from /127.0.0.1:53394 to /127.0.0.1:53395" [_thread_in_native, id=3588, stack(0x000000ad51200000,0x000000ad51300000)]
  0x0000029f49aa6840 JavaThread "Cancel handler" [_thread_blocked, id=14228, stack(0x000000ad51300000,0x000000ad51400000)]
  0x0000029f49cca920 JavaThread "Daemon worker" [_thread_blocked, id=14136, stack(0x000000ad51400000,0x000000ad51500000)]
  0x0000029f49cf8870 JavaThread "Asynchronous log dispatcher for DefaultDaemonConnection: socket connection from /127.0.0.1:53394 to /127.0.0.1:53395" [_thread_blocked, id=10068, stack(0x000000ad51500000,0x000000ad51600000)]
  0x0000029f49ede8c0 JavaThread "Stdin handler" [_thread_blocked, id=10260, stack(0x000000ad51600000,0x000000ad51700000)]
  0x0000029f49c60430 JavaThread "Daemon client event forwarder" [_thread_blocked, id=15184, stack(0x000000ad51700000,0x000000ad51800000)]
  0x0000029f49e61db0 JavaThread "Cache worker for journal cache (C:\Users\ADMIN\.gradle\caches\journal-1)" [_thread_blocked, id=8152, stack(0x000000ad51800000,0x000000ad51900000)]
  0x0000029f49e630f0 JavaThread "File lock request listener" [_thread_in_native, id=15996, stack(0x000000ad51900000,0x000000ad51a00000)]
  0x0000029f49e618e0 JavaThread "Cache worker for file hash cache (C:\Users\ADMIN\.gradle\caches\8.6\fileHashes)" [_thread_blocked, id=12736, stack(0x000000ad51a00000,0x000000ad51b00000)]
  0x0000029f49e62750 JavaThread "File watcher server" daemon [_thread_in_native, id=7272, stack(0x000000ad51e00000,0x000000ad51f00000)]
  0x0000029f49e62c20 JavaThread "File watcher consumer" daemon [_thread_blocked, id=1256, stack(0x000000ad51f00000,0x000000ad52000000)]
  0x0000029f4acb5d60 JavaThread "Cache worker for checksums cache (E:\Safwan\Trusty\android\.gradle\8.6\checksums)" [_thread_blocked, id=12976, stack(0x000000ad52000000,0x000000ad52100000)]
  0x0000029f4acb4ef0 JavaThread "Cache worker for file hash cache (E:\Safwan\Trusty\android\.gradle\8.6\fileHashes)" [_thread_blocked, id=8516, stack(0x000000ad52200000,0x000000ad52300000)]
  0x0000029f4acb7a40 JavaThread "Cache worker for cache directory md-supplier (C:\Users\ADMIN\.gradle\caches\8.6\md-supplier)" [_thread_blocked, id=2332, stack(0x000000ad52300000,0x000000ad52400000)]
  0x0000029f4acb6230 JavaThread "Cache worker for cache directory md-rule (C:\Users\ADMIN\.gradle\caches\8.6\md-rule)" [_thread_blocked, id=2068, stack(0x000000ad52400000,0x000000ad52500000)]
  0x0000029f4acb88b0 JavaThread "Cache worker for file content cache (C:\Users\ADMIN\.gradle\caches\8.6\fileContent)" [_thread_blocked, id=5412, stack(0x000000ad52500000,0x000000ad52600000)]
  0x0000029f4acb1060 JavaThread "jar transforms" [_thread_blocked, id=15784, stack(0x000000ad52600000,0x000000ad52700000)]
  0x0000029f4acb5890 JavaThread "jar transforms Thread 2" [_thread_blocked, id=10288, stack(0x000000ad52700000,0x000000ad52800000)]
  0x0000029f4acb1530 JavaThread "jar transforms Thread 3" [_thread_blocked, id=4064, stack(0x000000ad52800000,0x000000ad52900000)]
  0x0000029f4acb7570 JavaThread "jar transforms Thread 4" [_thread_blocked, id=13664, stack(0x000000ad52900000,0x000000ad52a00000)]
  0x0000029f4acb23a0 JavaThread "Exec process" [_thread_in_native, id=18280, stack(0x000000ad52a00000,0x000000ad52b00000)]
  0x0000029f4acb1a00 JavaThread "Exec process Thread 2" [_thread_in_native, id=14144, stack(0x000000ad52b00000,0x000000ad52c00000)]
  0x0000029f4acb53c0 JavaThread "Exec process Thread 3" [_thread_in_native, id=8808, stack(0x000000ad52c00000,0x000000ad52d00000)]
  0x0000029f4acb70a0 JavaThread "jar transforms Thread 5" [_thread_blocked, id=15336, stack(0x000000ad52f00000,0x000000ad53000000)]
  0x0000029f4acb1ed0 JavaThread "jar transforms Thread 6" [_thread_blocked, id=10440, stack(0x000000ad53000000,0x000000ad53100000)]
  0x0000029f4acb6700 JavaThread "Unconstrained build operations" [_thread_blocked, id=14060, stack(0x000000ad53100000,0x000000ad53200000)]
  0x0000029f4acb6bd0 JavaThread "Unconstrained build operations Thread 2" [_thread_blocked, id=17828, stack(0x000000ad53200000,0x000000ad53300000)]
  0x0000029f4acb2d40 JavaThread "jar transforms Thread 7" [_thread_blocked, id=17644, stack(0x000000ad53300000,0x000000ad53400000)]
  0x0000029f4acb3210 JavaThread "jar transforms Thread 8" [_thread_blocked, id=12864, stack(0x000000ad53400000,0x000000ad53500000)]
  0x0000029f4acb36e0 JavaThread "Cache worker for Build Output Cleanup Cache (E:\Safwan\Trusty\node_modules\@react-native\gradle-plugin\.gradle\buildOutputCleanup)" [_thread_blocked, id=12380, stack(0x000000ad4f400000,0x000000ad4f500000)]
  0x0000029f4acb3bb0 JavaThread "Unconstrained build operations Thread 3" [_thread_blocked, id=15508, stack(0x000000ad4f500000,0x000000ad4f600000)]
  0x0000029f4acb4080 JavaThread "Unconstrained build operations Thread 4" [_thread_blocked, id=3700, stack(0x000000ad4f600000,0x000000ad4f700000)]
  0x0000029f4acb4550 JavaThread "Unconstrained build operations Thread 5" [_thread_blocked, id=6560, stack(0x000000ad53500000,0x000000ad53600000)]
  0x0000029f4c2ff4b0 JavaThread "Unconstrained build operations Thread 6" [_thread_blocked, id=3820, stack(0x000000ad53600000,0x000000ad53700000)]
  0x0000029f4c2fe640 JavaThread "Unconstrained build operations Thread 7" [_thread_blocked, id=12240, stack(0x000000ad53700000,0x000000ad53800000)]
  0x0000029f4c2f8fa0 JavaThread "Unconstrained build operations Thread 8" [_thread_blocked, id=13576, stack(0x000000ad53800000,0x000000ad53900000)]
  0x0000029f4c2fb620 JavaThread "Unconstrained build operations Thread 9" [_thread_blocked, id=15604, stack(0x000000ad53900000,0x000000ad53a00000)]
  0x0000029f4c2fdca0 JavaThread "build event listener" [_thread_blocked, id=15532, stack(0x000000ad53a00000,0x000000ad53b00000)]
  0x0000029f4c2f9470 JavaThread "Memory manager" [_thread_blocked, id=18396, stack(0x000000ad53b00000,0x000000ad53c00000)]
  0x0000029f4c2fc490 JavaThread "Cache worker for Build Output Cleanup Cache (E:\Safwan\Trusty\android\.gradle\buildOutputCleanup)" [_thread_blocked, id=6640, stack(0x000000ad53c00000,0x000000ad53d00000)]
  0x0000029f4c2fac80 JavaThread "ForkJoinPool.commonPool-worker-1" daemon [_thread_blocked, id=9472, stack(0x000000ad53d00000,0x000000ad53e00000)]
  0x0000029f4c2fc960 JavaThread "ForkJoinPool.commonPool-worker-2" daemon [_thread_blocked, id=12676, stack(0x000000ad53e00000,0x000000ad53f00000)]
  0x0000029f4c2fa2e0 JavaThread "ForkJoinPool.commonPool-worker-3" daemon [_thread_blocked, id=17196, stack(0x000000ad53f00000,0x000000ad54000000)]
  0x0000029f4c2fd300 JavaThread "ForkJoinPool.commonPool-worker-4" daemon [_thread_blocked, id=6568, stack(0x000000ad54000000,0x000000ad54100000)]
  0x0000029f4c2ff980 JavaThread "ForkJoinPool.commonPool-worker-5" daemon [_thread_blocked, id=9924, stack(0x000000ad54100000,0x000000ad54200000)]
  0x0000029f4c2fa7b0 JavaThread "ForkJoinPool.commonPool-worker-6" daemon [_thread_blocked, id=5708, stack(0x000000ad54200000,0x000000ad54300000)]
  0x0000029f4c2f9e10 JavaThread "ForkJoinPool.commonPool-worker-7" daemon [_thread_blocked, id=14088, stack(0x000000ad54300000,0x000000ad54400000)]
  0x0000029f4c2fbaf0 JavaThread "included builds" [_thread_blocked, id=16116, stack(0x000000ad54400000,0x000000ad54500000)]
  0x0000029f4c2f8130 JavaThread "Execution worker" [_thread_blocked, id=10608, stack(0x000000ad54500000,0x000000ad54600000)]
  0x0000029f4c2fd7d0 JavaThread "Execution worker Thread 2" [_thread_blocked, id=4552, stack(0x000000ad54600000,0x000000ad54700000)]
  0x0000029f4c2f8ad0 JavaThread "Execution worker Thread 3" [_thread_blocked, id=2164, stack(0x000000ad54700000,0x000000ad54800000)]
  0x0000029f4c2fbfc0 JavaThread "Execution worker Thread 4" [_thread_blocked, id=9272, stack(0x000000ad54800000,0x000000ad54900000)]
  0x0000029f4c2fb150 JavaThread "Execution worker Thread 5" [_thread_blocked, id=6784, stack(0x000000ad54900000,0x000000ad54a00000)]
  0x0000029f4c2fefe0 JavaThread "Execution worker Thread 6" [_thread_blocked, id=17772, stack(0x000000ad54a00000,0x000000ad54b00000)]
  0x0000029f4c2f9940 JavaThread "Execution worker Thread 7" [_thread_blocked, id=12936, stack(0x000000ad54b00000,0x000000ad54c00000)]
  0x0000029f4c2fce30 JavaThread "Cache worker for execution history cache (E:\Safwan\Trusty\node_modules\@react-native\gradle-plugin\.gradle\8.6\executionHistory)" [_thread_blocked, id=14676, stack(0x000000ad54c00000,0x000000ad54d00000)]
  0x0000029f4c2fe170 JavaThread "Unconstrained build operations Thread 10" [_thread_blocked, id=7424, stack(0x000000ad54d00000,0x000000ad54e00000)]
  0x0000029f4c2f8600 JavaThread "Unconstrained build operations Thread 11" [_thread_blocked, id=3244, stack(0x000000ad54e00000,0x000000ad54f00000)]
  0x0000029f4d14e570 JavaThread "Unconstrained build operations Thread 12" [_thread_blocked, id=5856, stack(0x000000ad54f00000,0x000000ad55000000)]
  0x0000029f4d14d230 JavaThread "Unconstrained build operations Thread 13" [_thread_blocked, id=9456, stack(0x000000ad55000000,0x000000ad55100000)]
  0x0000029f4d152400 JavaThread "Unconstrained build operations Thread 14" [_thread_blocked, id=9824, stack(0x000000ad55100000,0x000000ad55200000)]
  0x0000029f4d152da0 JavaThread "Unconstrained build operations Thread 15" [_thread_blocked, id=15504, stack(0x000000ad55200000,0x000000ad55300000)]
  0x0000029f4d14ba20 JavaThread "Unconstrained build operations Thread 16" [_thread_blocked, id=2888, stack(0x000000ad55300000,0x000000ad55400000)]
  0x0000029f4d14f8b0 JavaThread "Unconstrained build operations Thread 17" [_thread_blocked, id=4772, stack(0x000000ad55400000,0x000000ad55500000)]
  0x0000029f4d151f30 JavaThread "Unconstrained build operations Thread 18" [_thread_blocked, id=9128, stack(0x000000ad55500000,0x000000ad55600000)]
  0x0000029f4d14ea40 JavaThread "Unconstrained build operations Thread 19" [_thread_blocked, id=10520, stack(0x000000ad55600000,0x000000ad55700000)]
  0x0000029f4d151590 JavaThread "Unconstrained build operations Thread 20" [_thread_blocked, id=13268, stack(0x000000ad55700000,0x000000ad55800000)]
  0x0000029f4d14c3c0 JavaThread "Unconstrained build operations Thread 21" [_thread_blocked, id=10184, stack(0x000000ad55800000,0x000000ad55900000)]
  0x0000029f4d14c890 JavaThread "Unconstrained build operations Thread 22" [_thread_blocked, id=5244, stack(0x000000ad55900000,0x000000ad55a00000)]
  0x0000029f4d150720 JavaThread "Unconstrained build operations Thread 23" [_thread_blocked, id=15904, stack(0x000000ad55a00000,0x000000ad55b00000)]
  0x0000029f4d14cd60 JavaThread "Unconstrained build operations Thread 24" [_thread_blocked, id=15844, stack(0x000000ad55b00000,0x000000ad55c00000)]
  0x0000029f4d14d700 JavaThread "Unconstrained build operations Thread 25" [_thread_blocked, id=12872, stack(0x000000ad55c00000,0x000000ad55d00000)]
  0x0000029f4d1528d0 JavaThread "Unconstrained build operations Thread 26" [_thread_blocked, id=9920, stack(0x000000ad55d00000,0x000000ad55e00000)]
  0x0000029f4d1510c0 JavaThread "Unconstrained build operations Thread 27" [_thread_blocked, id=13144, stack(0x000000ad55e00000,0x000000ad55f00000)]
  0x0000029f4d153270 JavaThread "Unconstrained build operations Thread 28" [_thread_blocked, id=8012, stack(0x000000ad55f00000,0x000000ad56000000)]
  0x0000029f4d14fd80 JavaThread "Unconstrained build operations Thread 29" [_thread_blocked, id=7808, stack(0x000000ad56000000,0x000000ad56100000)]
  0x0000029f4d14dbd0 JavaThread "Unconstrained build operations Thread 30" [_thread_blocked, id=13032, stack(0x000000ad56100000,0x000000ad56200000)]
  0x0000029f4d14e0a0 JavaThread "Unconstrained build operations Thread 31" [_thread_blocked, id=7800, stack(0x000000ad56200000,0x000000ad56300000)]
  0x0000029f4d14ef10 JavaThread "Unconstrained build operations Thread 32" [_thread_blocked, id=5604, stack(0x000000ad56300000,0x000000ad56400000)]
  0x0000029f4d151a60 JavaThread "build event listener" [_thread_blocked, id=16552, stack(0x000000ad56400000,0x000000ad56500000)]

Other Threads:
  0x0000029f28f9b440 VMThread "VM Thread" [stack: 0x000000ad4fd00000,0x000000ad4fe00000] [id=3396]
  0x0000029f0ae4e8b0 WatcherThread [stack: 0x000000ad50900000,0x000000ad50a00000] [id=17840]
  0x0000029f08c2e870 GCTaskThread "GC Thread#0" [stack: 0x000000ad4f800000,0x000000ad4f900000] [id=6508]
  0x0000029f49082070 GCTaskThread "GC Thread#1" [stack: 0x000000ad50a00000,0x000000ad50b00000] [id=11292]
  0x0000029f294bbd40 GCTaskThread "GC Thread#2" [stack: 0x000000ad50b00000,0x000000ad50c00000] [id=8308]
  0x0000029f49049620 GCTaskThread "GC Thread#3" [stack: 0x000000ad50c00000,0x000000ad50d00000] [id=13096]
  0x0000029f4904d8e0 GCTaskThread "GC Thread#4" [stack: 0x000000ad50d00000,0x000000ad50e00000] [id=17752]
  0x0000029f49f9cf40 GCTaskThread "GC Thread#5" [stack: 0x000000ad51b00000,0x000000ad51c00000] [id=14456]
  0x0000029f4a1b5cb0 GCTaskThread "GC Thread#6" [stack: 0x000000ad51c00000,0x000000ad51d00000] [id=5580]
  0x0000029f49e7a1b0 GCTaskThread "GC Thread#7" [stack: 0x000000ad51d00000,0x000000ad51e00000] [id=12716]
  0x0000029f0ae45180 ConcurrentGCThread "G1 Main Marker" [stack: 0x000000ad4f900000,0x000000ad4fa00000] [id=15004]
  0x0000029f0ae45aa0 ConcurrentGCThread "G1 Conc#0" [stack: 0x000000ad4fa00000,0x000000ad4fb00000] [id=1684]
  0x0000029f4a1dc370 ConcurrentGCThread "G1 Conc#1" [stack: 0x000000ad52100000,0x000000ad52200000] [id=14240]
  0x0000029f0ae9d260 ConcurrentGCThread "G1 Refine#0" [stack: 0x000000ad4fb00000,0x000000ad4fc00000] [id=2464]
  0x0000029f0ae9dc80 ConcurrentGCThread "G1 Service" [stack: 0x000000ad4fc00000,0x000000ad4fd00000] [id=6268]

Threads with active compile tasks:
C2 CompilerThread0    93373 9991       4       javax.management.ObjectName::construct (1135 bytes)

VM state: not at safepoint (normal execution)

VM Mutex/Monitor currently owned by a thread: None

Heap address: 0x0000000080000000, size: 2048 MB, Compressed Oops mode: 32-bit

CDS archive(s) mapped at: [0x0000029f2a000000-0x0000029f2abd0000-0x0000029f2abd0000), size 12386304, SharedBaseAddress: 0x0000029f2a000000, ArchiveRelocationMode: 1.
Compressed class space mapped at: 0x0000029f2b000000-0x0000029f45000000, reserved size: 436207616
Narrow klass base: 0x0000029f2a000000, Narrow klass shift: 0, Narrow klass range: 0x100000000

GC Precious Log:
 CPUs: 8 total, 8 available
 Memory: 7997M
 Large Page Support: Disabled
 NUMA Support: Disabled
 Compressed Oops: Enabled (32-bit)
 Heap Region Size: 1M
 Heap Min Capacity: 8M
 Heap Initial Capacity: 126M
 Heap Max Capacity: 2G
 Pre-touch: Disabled
 Parallel Workers: 8
 Concurrent Workers: 2
 Concurrent Refinement Workers: 8
 Periodic GC: Disabled

Heap:
 garbage-first heap   total 237568K, used 113314K [0x0000000080000000, 0x0000000100000000)
  region size 1024K, 23 young (23552K), 4 survivors (4096K)
 Metaspace       used 82066K, committed 82880K, reserved 557056K
  class space    used 11504K, committed 11904K, reserved 425984K

Heap Regions: E=young(eden), S=young(survivor), O=old, HS=humongous(starts), HC=humongous(continues), CS=collection set, F=free, OA=open archive, CA=closed archive, TAMS=top-at-mark-start (previous, next)
|   0|0x0000000080000000, 0x0000000080100000, 0x0000000080100000|100%|HS|  |TAMS 0x0000000080100000, 0x0000000080000000| Complete 
|   1|0x0000000080100000, 0x0000000080200000, 0x0000000080200000|100%|HC|  |TAMS 0x0000000080200000, 0x0000000080100000| Complete 
|   2|0x0000000080200000, 0x0000000080300000, 0x0000000080300000|100%|HC|  |TAMS 0x0000000080300000, 0x0000000080200000| Complete 
|   3|0x0000000080300000, 0x0000000080400000, 0x0000000080400000|100%|HC|  |TAMS 0x0000000080400000, 0x0000000080300000| Complete 
|   4|0x0000000080400000, 0x0000000080500000, 0x0000000080500000|100%| O|  |TAMS 0x0000000080500000, 0x0000000080400000| Untracked 
|   5|0x0000000080500000, 0x0000000080600000, 0x0000000080600000|100%| O|  |TAMS 0x0000000080600000, 0x0000000080500000| Untracked 
|   6|0x0000000080600000, 0x0000000080700000, 0x0000000080700000|100%| O|  |TAMS 0x0000000080700000, 0x0000000080600000| Untracked 
|   7|0x0000000080700000, 0x0000000080800000, 0x0000000080800000|100%| O|  |TAMS 0x0000000080800000, 0x0000000080700000| Untracked 
|   8|0x0000000080800000, 0x0000000080900000, 0x0000000080900000|100%| O|  |TAMS 0x0000000080900000, 0x0000000080800000| Untracked 
|   9|0x0000000080900000, 0x0000000080a00000, 0x0000000080a00000|100%| O|  |TAMS 0x0000000080a00000, 0x0000000080900000| Untracked 
|  10|0x0000000080a00000, 0x0000000080b00000, 0x0000000080b00000|100%| O|  |TAMS 0x0000000080b00000, 0x0000000080a00000| Untracked 
|  11|0x0000000080b00000, 0x0000000080c00000, 0x0000000080c00000|100%| O|  |TAMS 0x0000000080c00000, 0x0000000080b00000| Untracked 
|  12|0x0000000080c00000, 0x0000000080d00000, 0x0000000080d00000|100%| O|  |TAMS 0x0000000080d00000, 0x0000000080c00000| Untracked 
|  13|0x0000000080d00000, 0x0000000080e00000, 0x0000000080e00000|100%| O|  |TAMS 0x0000000080e00000, 0x0000000080d00000| Untracked 
|  14|0x0000000080e00000, 0x0000000080f00000, 0x0000000080f00000|100%| O|  |TAMS 0x0000000080f00000, 0x0000000080e00000| Untracked 
|  15|0x0000000080f00000, 0x0000000081000000, 0x0000000081000000|100%| O|  |TAMS 0x0000000081000000, 0x0000000080f00000| Untracked 
|  16|0x0000000081000000, 0x0000000081100000, 0x0000000081100000|100%| O|  |TAMS 0x0000000081100000, 0x0000000081000000| Untracked 
|  17|0x0000000081100000, 0x0000000081200000, 0x0000000081200000|100%| O|  |TAMS 0x0000000081200000, 0x0000000081100000| Untracked 
|  18|0x0000000081200000, 0x0000000081300000, 0x0000000081300000|100%| O|  |TAMS 0x0000000081300000, 0x0000000081200000| Untracked 
|  19|0x0000000081300000, 0x0000000081300000, 0x0000000081400000|  0%| F|  |TAMS 0x0000000081300000, 0x0000000081300000| Untracked 
|  20|0x0000000081400000, 0x0000000081500000, 0x0000000081500000|100%| O|  |TAMS 0x0000000081500000, 0x0000000081400000| Untracked 
|  21|0x0000000081500000, 0x0000000081600000, 0x0000000081600000|100%| O|  |TAMS 0x0000000081600000, 0x0000000081500000| Untracked 
|  22|0x0000000081600000, 0x0000000081700000, 0x0000000081700000|100%| O|  |TAMS 0x0000000081700000, 0x0000000081600000| Untracked 
|  23|0x0000000081700000, 0x0000000081800000, 0x0000000081800000|100%| O|  |TAMS 0x0000000081800000, 0x0000000081700000| Untracked 
|  24|0x0000000081800000, 0x0000000081900000, 0x0000000081900000|100%| O|  |TAMS 0x0000000081900000, 0x0000000081800000| Untracked 
|  25|0x0000000081900000, 0x0000000081a00000, 0x0000000081a00000|100%| O|  |TAMS 0x0000000081a00000, 0x0000000081900000| Untracked 
|  26|0x0000000081a00000, 0x0000000081b00000, 0x0000000081b00000|100%| O|  |TAMS 0x0000000081b00000, 0x0000000081a00000| Untracked 
|  27|0x0000000081b00000, 0x0000000081c00000, 0x0000000081c00000|100%| O|  |TAMS 0x0000000081c00000, 0x0000000081b00000| Untracked 
|  28|0x0000000081c00000, 0x0000000081d00000, 0x0000000081d00000|100%| O|  |TAMS 0x0000000081d00000, 0x0000000081c00000| Untracked 
|  29|0x0000000081d00000, 0x0000000081e00000, 0x0000000081e00000|100%| O|  |TAMS 0x0000000081e00000, 0x0000000081d00000| Untracked 
|  30|0x0000000081e00000, 0x0000000081f00000, 0x0000000081f00000|100%| O|  |TAMS 0x0000000081f00000, 0x0000000081e00000| Untracked 
|  31|0x0000000081f00000, 0x0000000082000000, 0x0000000082000000|100%| O|  |TAMS 0x0000000082000000, 0x0000000081f00000| Untracked 
|  32|0x0000000082000000, 0x0000000082100000, 0x0000000082100000|100%| O|  |TAMS 0x0000000082100000, 0x0000000082000000| Untracked 
|  33|0x0000000082100000, 0x0000000082200000, 0x0000000082200000|100%| O|  |TAMS 0x0000000082200000, 0x0000000082100000| Untracked 
|  34|0x0000000082200000, 0x0000000082300000, 0x0000000082300000|100%| O|  |TAMS 0x0000000082300000, 0x0000000082200000| Untracked 
|  35|0x0000000082300000, 0x0000000082400000, 0x0000000082400000|100%| O|  |TAMS 0x0000000082400000, 0x0000000082300000| Untracked 
|  36|0x0000000082400000, 0x0000000082500000, 0x0000000082500000|100%| O|  |TAMS 0x0000000082500000, 0x0000000082400000| Untracked 
|  37|0x0000000082500000, 0x0000000082600000, 0x0000000082600000|100%| O|  |TAMS 0x0000000082600000, 0x0000000082500000| Untracked 
|  38|0x0000000082600000, 0x0000000082700000, 0x0000000082700000|100%| O|  |TAMS 0x0000000082700000, 0x0000000082600000| Untracked 
|  39|0x0000000082700000, 0x0000000082800000, 0x0000000082800000|100%| O|  |TAMS 0x0000000082800000, 0x0000000082700000| Untracked 
|  40|0x0000000082800000, 0x0000000082900000, 0x0000000082900000|100%|HS|  |TAMS 0x0000000082900000, 0x0000000082800000| Complete 
|  41|0x0000000082900000, 0x0000000082a00000, 0x0000000082a00000|100%|HC|  |TAMS 0x0000000082a00000, 0x0000000082900000| Complete 
|  42|0x0000000082a00000, 0x0000000082b00000, 0x0000000082b00000|100%|HS|  |TAMS 0x0000000082b00000, 0x0000000082a00000| Complete 
|  43|0x0000000082b00000, 0x0000000082c00000, 0x0000000082c00000|100%|HC|  |TAMS 0x0000000082c00000, 0x0000000082b00000| Complete 
|  44|0x0000000082c00000, 0x0000000082d00000, 0x0000000082d00000|100%| O|  |TAMS 0x0000000082d00000, 0x0000000082c00000| Untracked 
|  45|0x0000000082d00000, 0x0000000082e00000, 0x0000000082e00000|100%| O|  |TAMS 0x0000000082e00000, 0x0000000082d00000| Untracked 
|  46|0x0000000082e00000, 0x0000000082f00000, 0x0000000082f00000|100%|HS|  |TAMS 0x0000000082f00000, 0x0000000082e00000| Complete 
|  47|0x0000000082f00000, 0x0000000083000000, 0x0000000083000000|100%|HC|  |TAMS 0x0000000083000000, 0x0000000082f00000| Complete 
|  48|0x0000000083000000, 0x0000000083100000, 0x0000000083100000|100%|HC|  |TAMS 0x0000000083100000, 0x0000000083000000| Complete 
|  49|0x0000000083100000, 0x0000000083200000, 0x0000000083200000|100%|HC|  |TAMS 0x0000000083200000, 0x0000000083100000| Complete 
|  50|0x0000000083200000, 0x0000000083300000, 0x0000000083300000|100%| O|  |TAMS 0x0000000083300000, 0x0000000083200000| Untracked 
|  51|0x0000000083300000, 0x0000000083400000, 0x0000000083400000|100%| O|  |TAMS 0x0000000083400000, 0x0000000083300000| Untracked 
|  52|0x0000000083400000, 0x0000000083500000, 0x0000000083500000|100%|HS|  |TAMS 0x0000000083500000, 0x0000000083400000| Complete 
|  53|0x0000000083500000, 0x0000000083600000, 0x0000000083600000|100%|HC|  |TAMS 0x0000000083600000, 0x0000000083500000| Complete 
|  54|0x0000000083600000, 0x0000000083700000, 0x0000000083700000|100%|HC|  |TAMS 0x0000000083700000, 0x0000000083600000| Complete 
|  55|0x0000000083700000, 0x0000000083800000, 0x0000000083800000|100%|HC|  |TAMS 0x0000000083800000, 0x0000000083700000| Complete 
|  56|0x0000000083800000, 0x0000000083900000, 0x0000000083900000|100%| O|  |TAMS 0x0000000083900000, 0x0000000083800000| Untracked 
|  57|0x0000000083900000, 0x0000000083a00000, 0x0000000083a00000|100%| O|  |TAMS 0x0000000083a00000, 0x0000000083900000| Untracked 
|  58|0x0000000083a00000, 0x0000000083b00000, 0x0000000083b00000|100%| O|  |TAMS 0x0000000083a00000, 0x0000000083a00000| Untracked 
|  59|0x0000000083b00000, 0x0000000083c00000, 0x0000000083c00000|100%| O|  |TAMS 0x0000000083c00000, 0x0000000083b00000| Untracked 
|  60|0x0000000083c00000, 0x0000000083d00000, 0x0000000083d00000|100%| O|  |TAMS 0x0000000083d00000, 0x0000000083c00000| Untracked 
|  61|0x0000000083d00000, 0x0000000083e00000, 0x0000000083e00000|100%| O|  |TAMS 0x0000000083e00000, 0x0000000083d00000| Untracked 
|  62|0x0000000083e00000, 0x0000000083f00000, 0x0000000083f00000|100%| O|  |TAMS 0x0000000083f00000, 0x0000000083e00000| Untracked 
|  63|0x0000000083f00000, 0x0000000084000000, 0x0000000084000000|100%| O|  |TAMS 0x0000000084000000, 0x0000000083f00000| Untracked 
|  64|0x0000000084000000, 0x0000000084100000, 0x0000000084100000|100%| O|  |TAMS 0x0000000084100000, 0x0000000084000000| Untracked 
|  65|0x0000000084100000, 0x0000000084200000, 0x0000000084200000|100%| O|  |TAMS 0x0000000084200000, 0x0000000084100000| Untracked 
|  66|0x0000000084200000, 0x0000000084300000, 0x0000000084300000|100%| O|  |TAMS 0x0000000084300000, 0x0000000084200000| Untracked 
|  67|0x0000000084300000, 0x0000000084400000, 0x0000000084400000|100%| O|  |TAMS 0x0000000084400000, 0x0000000084300000| Untracked 
|  68|0x0000000084400000, 0x0000000084500000, 0x0000000084500000|100%| O|  |TAMS 0x0000000084500000, 0x0000000084400000| Untracked 
|  69|0x0000000084500000, 0x0000000084600000, 0x0000000084600000|100%| O|  |TAMS 0x0000000084600000, 0x0000000084500000| Untracked 
|  70|0x0000000084600000, 0x0000000084700000, 0x0000000084700000|100%|HS|  |TAMS 0x0000000084700000, 0x0000000084600000| Complete 
|  71|0x0000000084700000, 0x0000000084800000, 0x0000000084800000|100%|HS|  |TAMS 0x0000000084800000, 0x0000000084700000| Complete 
|  72|0x0000000084800000, 0x0000000084900000, 0x0000000084900000|100%|HS|  |TAMS 0x0000000084900000, 0x0000000084800000| Complete 
|  73|0x0000000084900000, 0x0000000084a00000, 0x0000000084a00000|100%| O|  |TAMS 0x0000000084a00000, 0x0000000084900000| Untracked 
|  74|0x0000000084a00000, 0x0000000084b00000, 0x0000000084b00000|100%|HS|  |TAMS 0x0000000084b00000, 0x0000000084a00000| Complete 
|  75|0x0000000084b00000, 0x0000000084c00000, 0x0000000084c00000|100%|HS|  |TAMS 0x0000000084c00000, 0x0000000084b00000| Complete 
|  76|0x0000000084c00000, 0x0000000084d00000, 0x0000000084d00000|100%| O|  |TAMS 0x0000000084d00000, 0x0000000084c00000| Untracked 
|  77|0x0000000084d00000, 0x0000000084e00000, 0x0000000084e00000|100%| O|  |TAMS 0x0000000084e00000, 0x0000000084d00000| Untracked 
|  78|0x0000000084e00000, 0x0000000084f00000, 0x0000000084f00000|100%| O|  |TAMS 0x0000000084f00000, 0x0000000084e00000| Untracked 
|  79|0x0000000084f00000, 0x0000000085000000, 0x0000000085000000|100%| O|  |TAMS 0x0000000085000000, 0x0000000084f00000| Untracked 
|  80|0x0000000085000000, 0x0000000085100000, 0x0000000085100000|100%| O|  |TAMS 0x0000000085100000, 0x0000000085000000| Untracked 
|  81|0x0000000085100000, 0x0000000085200000, 0x0000000085200000|100%| O|  |TAMS 0x0000000085200000, 0x0000000085100000| Untracked 
|  82|0x0000000085200000, 0x0000000085300000, 0x0000000085300000|100%| O|  |TAMS 0x0000000085300000, 0x0000000085200000| Untracked 
|  83|0x0000000085300000, 0x0000000085400000, 0x0000000085400000|100%| O|  |TAMS 0x0000000085369e00, 0x0000000085300000| Untracked 
|  84|0x0000000085400000, 0x0000000085500000, 0x0000000085500000|100%| O|  |TAMS 0x0000000085400000, 0x0000000085400000| Untracked 
|  85|0x0000000085500000, 0x0000000085600000, 0x0000000085600000|100%| O|  |TAMS 0x0000000085500000, 0x0000000085500000| Untracked 
|  86|0x0000000085600000, 0x0000000085700000, 0x0000000085700000|100%| O|  |TAMS 0x0000000085600000, 0x0000000085600000| Untracked 
|  87|0x0000000085700000, 0x0000000085800000, 0x0000000085800000|100%| O|  |TAMS 0x0000000085700000, 0x0000000085700000| Untracked 
|  88|0x0000000085800000, 0x0000000085900000, 0x0000000085900000|100%| O|  |TAMS 0x0000000085800000, 0x0000000085800000| Untracked 
|  89|0x0000000085900000, 0x00000000859cbe00, 0x0000000085a00000| 79%| O|  |TAMS 0x0000000085900000, 0x0000000085900000| Untracked 
|  90|0x0000000085a00000, 0x0000000085a00000, 0x0000000085b00000|  0%| F|  |TAMS 0x0000000085a00000, 0x0000000085a00000| Untracked 
|  91|0x0000000085b00000, 0x0000000085b00000, 0x0000000085c00000|  0%| F|  |TAMS 0x0000000085b00000, 0x0000000085b00000| Untracked 
|  92|0x0000000085c00000, 0x0000000085c00000, 0x0000000085d00000|  0%| F|  |TAMS 0x0000000085c00000, 0x0000000085c00000| Untracked 
|  93|0x0000000085d00000, 0x0000000085d00000, 0x0000000085e00000|  0%| F|  |TAMS 0x0000000085d00000, 0x0000000085d00000| Untracked 
|  94|0x0000000085e00000, 0x0000000085e00000, 0x0000000085f00000|  0%| F|  |TAMS 0x0000000085e00000, 0x0000000085e00000| Untracked 
|  95|0x0000000085f00000, 0x0000000085f00000, 0x0000000086000000|  0%| F|  |TAMS 0x0000000085f00000, 0x0000000085f00000| Untracked 
|  96|0x0000000086000000, 0x0000000086000000, 0x0000000086100000|  0%| F|  |TAMS 0x0000000086000000, 0x0000000086000000| Untracked 
|  97|0x0000000086100000, 0x0000000086100000, 0x0000000086200000|  0%| F|  |TAMS 0x0000000086100000, 0x0000000086100000| Untracked 
|  98|0x0000000086200000, 0x0000000086200000, 0x0000000086300000|  0%| F|  |TAMS 0x0000000086200000, 0x0000000086200000| Untracked 
|  99|0x0000000086300000, 0x0000000086300000, 0x0000000086400000|  0%| F|  |TAMS 0x0000000086300000, 0x0000000086300000| Untracked 
| 100|0x0000000086400000, 0x0000000086400000, 0x0000000086500000|  0%| F|  |TAMS 0x0000000086400000, 0x0000000086400000| Untracked 
| 101|0x0000000086500000, 0x0000000086500000, 0x0000000086600000|  0%| F|  |TAMS 0x0000000086500000, 0x0000000086500000| Untracked 
| 102|0x0000000086600000, 0x0000000086600000, 0x0000000086700000|  0%| F|  |TAMS 0x0000000086600000, 0x0000000086600000| Untracked 
| 103|0x0000000086700000, 0x0000000086700000, 0x0000000086800000|  0%| F|  |TAMS 0x0000000086700000, 0x0000000086700000| Untracked 
| 104|0x0000000086800000, 0x0000000086800000, 0x0000000086900000|  0%| F|  |TAMS 0x0000000086800000, 0x0000000086800000| Untracked 
| 105|0x0000000086900000, 0x0000000086900000, 0x0000000086a00000|  0%| F|  |TAMS 0x0000000086900000, 0x0000000086900000| Untracked 
| 106|0x0000000086a00000, 0x0000000086a00000, 0x0000000086b00000|  0%| F|  |TAMS 0x0000000086a00000, 0x0000000086a00000| Untracked 
| 107|0x0000000086b00000, 0x0000000086b00000, 0x0000000086c00000|  0%| F|  |TAMS 0x0000000086b00000, 0x0000000086b00000| Untracked 
| 108|0x0000000086c00000, 0x0000000086c00000, 0x0000000086d00000|  0%| F|  |TAMS 0x0000000086c00000, 0x0000000086c00000| Untracked 
| 109|0x0000000086d00000, 0x0000000086d00000, 0x0000000086e00000|  0%| F|  |TAMS 0x0000000086d00000, 0x0000000086d00000| Untracked 
| 110|0x0000000086e00000, 0x0000000086e00000, 0x0000000086f00000|  0%| F|  |TAMS 0x0000000086e00000, 0x0000000086e00000| Untracked 
| 111|0x0000000086f00000, 0x0000000086f00000, 0x0000000087000000|  0%| F|  |TAMS 0x0000000086f00000, 0x0000000086f00000| Untracked 
| 112|0x0000000087000000, 0x0000000087000000, 0x0000000087100000|  0%| F|  |TAMS 0x0000000087000000, 0x0000000087000000| Untracked 
| 113|0x0000000087100000, 0x0000000087100000, 0x0000000087200000|  0%| F|  |TAMS 0x0000000087100000, 0x0000000087100000| Untracked 
| 114|0x0000000087200000, 0x0000000087200000, 0x0000000087300000|  0%| F|  |TAMS 0x0000000087200000, 0x0000000087200000| Untracked 
| 115|0x0000000087300000, 0x0000000087300000, 0x0000000087400000|  0%| F|  |TAMS 0x0000000087300000, 0x0000000087300000| Untracked 
| 116|0x0000000087400000, 0x0000000087400000, 0x0000000087500000|  0%| F|  |TAMS 0x0000000087400000, 0x0000000087400000| Untracked 
| 117|0x0000000087500000, 0x0000000087500000, 0x0000000087600000|  0%| F|  |TAMS 0x0000000087500000, 0x0000000087500000| Untracked 
| 118|0x0000000087600000, 0x0000000087600000, 0x0000000087700000|  0%| F|  |TAMS 0x0000000087600000, 0x0000000087600000| Untracked 
| 119|0x0000000087700000, 0x0000000087700000, 0x0000000087800000|  0%| F|  |TAMS 0x0000000087700000, 0x0000000087700000| Untracked 
| 120|0x0000000087800000, 0x0000000087800000, 0x0000000087900000|  0%| F|  |TAMS 0x0000000087800000, 0x0000000087800000| Untracked 
| 121|0x0000000087900000, 0x0000000087900000, 0x0000000087a00000|  0%| F|  |TAMS 0x0000000087900000, 0x0000000087900000| Untracked 
| 122|0x0000000087a00000, 0x0000000087a00000, 0x0000000087b00000|  0%| F|  |TAMS 0x0000000087a00000, 0x0000000087a00000| Untracked 
| 123|0x0000000087b00000, 0x0000000087b00000, 0x0000000087c00000|  0%| F|  |TAMS 0x0000000087b00000, 0x0000000087b00000| Untracked 
| 124|0x0000000087c00000, 0x0000000087c00000, 0x0000000087d00000|  0%| F|  |TAMS 0x0000000087c00000, 0x0000000087c00000| Untracked 
| 125|0x0000000087d00000, 0x0000000087d00000, 0x0000000087e00000|  0%| F|  |TAMS 0x0000000087d00000, 0x0000000087d00000| Untracked 
| 126|0x0000000087e00000, 0x0000000087e00000, 0x0000000087f00000|  0%| F|  |TAMS 0x0000000087e00000, 0x0000000087e00000| Untracked 
| 127|0x0000000087f00000, 0x0000000087f00000, 0x0000000088000000|  0%| F|  |TAMS 0x0000000087f00000, 0x0000000087f00000| Untracked 
| 128|0x0000000088000000, 0x0000000088000000, 0x0000000088100000|  0%| F|  |TAMS 0x0000000088000000, 0x0000000088000000| Untracked 
| 129|0x0000000088100000, 0x0000000088100000, 0x0000000088200000|  0%| F|  |TAMS 0x0000000088100000, 0x0000000088100000| Untracked 
| 130|0x0000000088200000, 0x0000000088200000, 0x0000000088300000|  0%| F|  |TAMS 0x0000000088200000, 0x0000000088200000| Untracked 
| 131|0x0000000088300000, 0x0000000088300000, 0x0000000088400000|  0%| F|  |TAMS 0x0000000088300000, 0x0000000088300000| Untracked 
| 132|0x0000000088400000, 0x0000000088400000, 0x0000000088500000|  0%| F|  |TAMS 0x0000000088400000, 0x0000000088400000| Untracked 
| 133|0x0000000088500000, 0x0000000088500000, 0x0000000088600000|  0%| F|  |TAMS 0x0000000088500000, 0x0000000088500000| Untracked 
| 134|0x0000000088600000, 0x0000000088600000, 0x0000000088700000|  0%| F|  |TAMS 0x0000000088600000, 0x0000000088600000| Untracked 
| 135|0x0000000088700000, 0x0000000088700000, 0x0000000088800000|  0%| F|  |TAMS 0x0000000088700000, 0x0000000088700000| Untracked 
| 136|0x0000000088800000, 0x0000000088800000, 0x0000000088900000|  0%| F|  |TAMS 0x0000000088800000, 0x0000000088800000| Untracked 
| 137|0x0000000088900000, 0x0000000088900000, 0x0000000088a00000|  0%| F|  |TAMS 0x0000000088900000, 0x0000000088900000| Untracked 
| 138|0x0000000088a00000, 0x0000000088a00000, 0x0000000088b00000|  0%| F|  |TAMS 0x0000000088a00000, 0x0000000088a00000| Untracked 
| 139|0x0000000088b00000, 0x0000000088b00000, 0x0000000088c00000|  0%| F|  |TAMS 0x0000000088b00000, 0x0000000088b00000| Untracked 
| 140|0x0000000088c00000, 0x0000000088c00000, 0x0000000088d00000|  0%| F|  |TAMS 0x0000000088c00000, 0x0000000088c00000| Untracked 
| 141|0x0000000088d00000, 0x0000000088d00000, 0x0000000088e00000|  0%| F|  |TAMS 0x0000000088d00000, 0x0000000088d00000| Untracked 
| 142|0x0000000088e00000, 0x0000000088e00000, 0x0000000088f00000|  0%| F|  |TAMS 0x0000000088e00000, 0x0000000088e00000| Untracked 
| 143|0x0000000088f00000, 0x0000000088f00000, 0x0000000089000000|  0%| F|  |TAMS 0x0000000088f00000, 0x0000000088f00000| Untracked 
| 144|0x0000000089000000, 0x0000000089000000, 0x0000000089100000|  0%| F|  |TAMS 0x0000000089000000, 0x0000000089000000| Untracked 
| 145|0x0000000089100000, 0x0000000089100000, 0x0000000089200000|  0%| F|  |TAMS 0x0000000089100000, 0x0000000089100000| Untracked 
| 146|0x0000000089200000, 0x0000000089200000, 0x0000000089300000|  0%| F|  |TAMS 0x0000000089200000, 0x0000000089200000| Untracked 
| 147|0x0000000089300000, 0x00000000893dcdd0, 0x0000000089400000| 86%| S|CS|TAMS 0x0000000089300000, 0x0000000089300000| Complete 
| 148|0x0000000089400000, 0x0000000089500000, 0x0000000089500000|100%| S|CS|TAMS 0x0000000089400000, 0x0000000089400000| Complete 
| 149|0x0000000089500000, 0x0000000089600000, 0x0000000089600000|100%| S|CS|TAMS 0x0000000089500000, 0x0000000089500000| Complete 
| 150|0x0000000089600000, 0x0000000089700000, 0x0000000089700000|100%| S|CS|TAMS 0x0000000089600000, 0x0000000089600000| Complete 
| 151|0x0000000089700000, 0x0000000089700000, 0x0000000089800000|  0%| F|  |TAMS 0x0000000089700000, 0x0000000089700000| Untracked 
| 152|0x0000000089800000, 0x0000000089800000, 0x0000000089900000|  0%| F|  |TAMS 0x0000000089800000, 0x0000000089800000| Untracked 
| 153|0x0000000089900000, 0x0000000089900000, 0x0000000089a00000|  0%| F|  |TAMS 0x0000000089900000, 0x0000000089900000| Untracked 
| 154|0x0000000089a00000, 0x0000000089a00000, 0x0000000089b00000|  0%| F|  |TAMS 0x0000000089a00000, 0x0000000089a00000| Untracked 
| 155|0x0000000089b00000, 0x0000000089b00000, 0x0000000089c00000|  0%| F|  |TAMS 0x0000000089b00000, 0x0000000089b00000| Untracked 
| 156|0x0000000089c00000, 0x0000000089c00000, 0x0000000089d00000|  0%| F|  |TAMS 0x0000000089c00000, 0x0000000089c00000| Untracked 
| 157|0x0000000089d00000, 0x0000000089d00000, 0x0000000089e00000|  0%| F|  |TAMS 0x0000000089d00000, 0x0000000089d00000| Untracked 
| 158|0x0000000089e00000, 0x0000000089e00000, 0x0000000089f00000|  0%| F|  |TAMS 0x0000000089e00000, 0x0000000089e00000| Untracked 
| 159|0x0000000089f00000, 0x0000000089f00000, 0x000000008a000000|  0%| F|  |TAMS 0x0000000089f00000, 0x0000000089f00000| Untracked 
| 160|0x000000008a000000, 0x000000008a000000, 0x000000008a100000|  0%| F|  |TAMS 0x000000008a000000, 0x000000008a000000| Untracked 
| 161|0x000000008a100000, 0x000000008a100000, 0x000000008a200000|  0%| F|  |TAMS 0x000000008a100000, 0x000000008a100000| Untracked 
| 162|0x000000008a200000, 0x000000008a200000, 0x000000008a300000|  0%| F|  |TAMS 0x000000008a200000, 0x000000008a200000| Untracked 
| 163|0x000000008a300000, 0x000000008a300000, 0x000000008a400000|  0%| F|  |TAMS 0x000000008a300000, 0x000000008a300000| Untracked 
| 164|0x000000008a400000, 0x000000008a400000, 0x000000008a500000|  0%| F|  |TAMS 0x000000008a400000, 0x000000008a400000| Untracked 
| 165|0x000000008a500000, 0x000000008a500000, 0x000000008a600000|  0%| F|  |TAMS 0x000000008a500000, 0x000000008a500000| Untracked 
| 166|0x000000008a600000, 0x000000008a600000, 0x000000008a700000|  0%| F|  |TAMS 0x000000008a600000, 0x000000008a600000| Untracked 
| 167|0x000000008a700000, 0x000000008a700000, 0x000000008a800000|  0%| F|  |TAMS 0x000000008a700000, 0x000000008a700000| Untracked 
| 168|0x000000008a800000, 0x000000008a800000, 0x000000008a900000|  0%| F|  |TAMS 0x000000008a800000, 0x000000008a800000| Untracked 
| 169|0x000000008a900000, 0x000000008a900000, 0x000000008aa00000|  0%| F|  |TAMS 0x000000008a900000, 0x000000008a900000| Untracked 
| 170|0x000000008aa00000, 0x000000008aa00000, 0x000000008ab00000|  0%| F|  |TAMS 0x000000008aa00000, 0x000000008aa00000| Untracked 
| 171|0x000000008ab00000, 0x000000008ab00000, 0x000000008ac00000|  0%| F|  |TAMS 0x000000008ab00000, 0x000000008ab00000| Untracked 
| 172|0x000000008ac00000, 0x000000008ac00000, 0x000000008ad00000|  0%| F|  |TAMS 0x000000008ac00000, 0x000000008ac00000| Untracked 
| 173|0x000000008ad00000, 0x000000008ad00000, 0x000000008ae00000|  0%| F|  |TAMS 0x000000008ad00000, 0x000000008ad00000| Untracked 
| 174|0x000000008ae00000, 0x000000008ae00000, 0x000000008af00000|  0%| F|  |TAMS 0x000000008ae00000, 0x000000008ae00000| Untracked 
| 175|0x000000008af00000, 0x000000008af00000, 0x000000008b000000|  0%| F|  |TAMS 0x000000008af00000, 0x000000008af00000| Untracked 
| 176|0x000000008b000000, 0x000000008b000000, 0x000000008b100000|  0%| F|  |TAMS 0x000000008b000000, 0x000000008b000000| Untracked 
| 177|0x000000008b100000, 0x000000008b100000, 0x000000008b200000|  0%| F|  |TAMS 0x000000008b100000, 0x000000008b100000| Untracked 
| 178|0x000000008b200000, 0x000000008b200000, 0x000000008b300000|  0%| F|  |TAMS 0x000000008b200000, 0x000000008b200000| Untracked 
| 179|0x000000008b300000, 0x000000008b300000, 0x000000008b400000|  0%| F|  |TAMS 0x000000008b300000, 0x000000008b300000| Untracked 
| 180|0x000000008b400000, 0x000000008b400000, 0x000000008b500000|  0%| F|  |TAMS 0x000000008b400000, 0x000000008b400000| Untracked 
| 181|0x000000008b500000, 0x000000008b500000, 0x000000008b600000|  0%| F|  |TAMS 0x000000008b500000, 0x000000008b500000| Untracked 
| 182|0x000000008b600000, 0x000000008b600000, 0x000000008b700000|  0%| F|  |TAMS 0x000000008b600000, 0x000000008b600000| Untracked 
| 183|0x000000008b700000, 0x000000008b700000, 0x000000008b800000|  0%| F|  |TAMS 0x000000008b700000, 0x000000008b700000| Untracked 
| 184|0x000000008b800000, 0x000000008b800000, 0x000000008b900000|  0%| F|  |TAMS 0x000000008b800000, 0x000000008b800000| Untracked 
| 185|0x000000008b900000, 0x000000008b900000, 0x000000008ba00000|  0%| F|  |TAMS 0x000000008b900000, 0x000000008b900000| Untracked 
| 186|0x000000008ba00000, 0x000000008ba00000, 0x000000008bb00000|  0%| F|  |TAMS 0x000000008ba00000, 0x000000008ba00000| Untracked 
| 187|0x000000008bb00000, 0x000000008bb00000, 0x000000008bc00000|  0%| F|  |TAMS 0x000000008bb00000, 0x000000008bb00000| Untracked 
| 188|0x000000008bc00000, 0x000000008bc00000, 0x000000008bd00000|  0%| F|  |TAMS 0x000000008bc00000, 0x000000008bc00000| Untracked 
| 189|0x000000008bd00000, 0x000000008bd00000, 0x000000008be00000|  0%| F|  |TAMS 0x000000008bd00000, 0x000000008bd00000| Untracked 
| 190|0x000000008be00000, 0x000000008be00000, 0x000000008bf00000|  0%| F|  |TAMS 0x000000008be00000, 0x000000008be00000| Untracked 
| 191|0x000000008bf00000, 0x000000008bf00000, 0x000000008c000000|  0%| F|  |TAMS 0x000000008bf00000, 0x000000008bf00000| Untracked 
| 192|0x000000008c000000, 0x000000008c000000, 0x000000008c100000|  0%| F|  |TAMS 0x000000008c000000, 0x000000008c000000| Untracked 
| 193|0x000000008c100000, 0x000000008c100000, 0x000000008c200000|  0%| F|  |TAMS 0x000000008c100000, 0x000000008c100000| Untracked 
| 194|0x000000008c200000, 0x000000008c200000, 0x000000008c300000|  0%| F|  |TAMS 0x000000008c200000, 0x000000008c200000| Untracked 
| 195|0x000000008c300000, 0x000000008c300000, 0x000000008c400000|  0%| F|  |TAMS 0x000000008c300000, 0x000000008c300000| Untracked 
| 196|0x000000008c400000, 0x000000008c400000, 0x000000008c500000|  0%| F|  |TAMS 0x000000008c400000, 0x000000008c400000| Untracked 
| 197|0x000000008c500000, 0x000000008c500000, 0x000000008c600000|  0%| F|  |TAMS 0x000000008c500000, 0x000000008c500000| Untracked 
| 198|0x000000008c600000, 0x000000008c600000, 0x000000008c700000|  0%| F|  |TAMS 0x000000008c600000, 0x000000008c600000| Untracked 
| 199|0x000000008c700000, 0x000000008c700000, 0x000000008c800000|  0%| F|  |TAMS 0x000000008c700000, 0x000000008c700000| Untracked 
| 200|0x000000008c800000, 0x000000008c800000, 0x000000008c900000|  0%| F|  |TAMS 0x000000008c800000, 0x000000008c800000| Untracked 
| 201|0x000000008c900000, 0x000000008c900000, 0x000000008ca00000|  0%| F|  |TAMS 0x000000008c900000, 0x000000008c900000| Untracked 
| 202|0x000000008ca00000, 0x000000008ca00000, 0x000000008cb00000|  0%| F|  |TAMS 0x000000008ca00000, 0x000000008ca00000| Untracked 
| 203|0x000000008cb00000, 0x000000008cb00000, 0x000000008cc00000|  0%| F|  |TAMS 0x000000008cb00000, 0x000000008cb00000| Untracked 
| 204|0x000000008cc00000, 0x000000008cc00000, 0x000000008cd00000|  0%| F|  |TAMS 0x000000008cc00000, 0x000000008cc00000| Untracked 
| 205|0x000000008cd00000, 0x000000008cd00000, 0x000000008ce00000|  0%| F|  |TAMS 0x000000008cd00000, 0x000000008cd00000| Untracked 
| 206|0x000000008ce00000, 0x000000008ce00000, 0x000000008cf00000|  0%| F|  |TAMS 0x000000008ce00000, 0x000000008ce00000| Untracked 
| 207|0x000000008cf00000, 0x000000008cf00000, 0x000000008d000000|  0%| F|  |TAMS 0x000000008cf00000, 0x000000008cf00000| Untracked 
| 208|0x000000008d000000, 0x000000008d000000, 0x000000008d100000|  0%| F|  |TAMS 0x000000008d000000, 0x000000008d000000| Untracked 
| 209|0x000000008d100000, 0x000000008d100000, 0x000000008d200000|  0%| F|  |TAMS 0x000000008d100000, 0x000000008d100000| Untracked 
| 210|0x000000008d200000, 0x000000008d200000, 0x000000008d300000|  0%| F|  |TAMS 0x000000008d200000, 0x000000008d200000| Untracked 
| 211|0x000000008d300000, 0x000000008d300000, 0x000000008d400000|  0%| F|  |TAMS 0x000000008d300000, 0x000000008d300000| Untracked 
| 212|0x000000008d400000, 0x000000008d400000, 0x000000008d500000|  0%| F|  |TAMS 0x000000008d400000, 0x000000008d400000| Untracked 
| 213|0x000000008d500000, 0x000000008d5c07c8, 0x000000008d600000| 75%| E|  |TAMS 0x000000008d500000, 0x000000008d500000| Complete 
| 214|0x000000008d600000, 0x000000008d700000, 0x000000008d700000|100%| E|CS|TAMS 0x000000008d600000, 0x000000008d600000| Complete 
| 215|0x000000008d700000, 0x000000008d800000, 0x000000008d800000|100%| E|CS|TAMS 0x000000008d700000, 0x000000008d700000| Complete 
| 216|0x000000008d800000, 0x000000008d900000, 0x000000008d900000|100%| E|CS|TAMS 0x000000008d800000, 0x000000008d800000| Complete 
| 217|0x000000008d900000, 0x000000008da00000, 0x000000008da00000|100%| E|CS|TAMS 0x000000008d900000, 0x000000008d900000| Complete 
| 218|0x000000008da00000, 0x000000008db00000, 0x000000008db00000|100%| E|CS|TAMS 0x000000008da00000, 0x000000008da00000| Complete 
| 219|0x000000008db00000, 0x000000008dc00000, 0x000000008dc00000|100%| E|CS|TAMS 0x000000008db00000, 0x000000008db00000| Complete 
| 220|0x000000008dc00000, 0x000000008dd00000, 0x000000008dd00000|100%| E|CS|TAMS 0x000000008dc00000, 0x000000008dc00000| Complete 
| 221|0x000000008dd00000, 0x000000008de00000, 0x000000008de00000|100%| E|CS|TAMS 0x000000008dd00000, 0x000000008dd00000| Complete 
| 222|0x000000008de00000, 0x000000008df00000, 0x000000008df00000|100%| E|CS|TAMS 0x000000008de00000, 0x000000008de00000| Complete 
| 223|0x000000008df00000, 0x000000008e000000, 0x000000008e000000|100%| E|CS|TAMS 0x000000008df00000, 0x000000008df00000| Complete 
| 224|0x000000008e000000, 0x000000008e100000, 0x000000008e100000|100%| E|CS|TAMS 0x000000008e000000, 0x000000008e000000| Complete 
| 225|0x000000008e100000, 0x000000008e200000, 0x000000008e200000|100%| E|CS|TAMS 0x000000008e100000, 0x000000008e100000| Complete 
| 226|0x000000008e200000, 0x000000008e300000, 0x000000008e300000|100%| E|CS|TAMS 0x000000008e200000, 0x000000008e200000| Complete 
| 227|0x000000008e300000, 0x000000008e400000, 0x000000008e400000|100%| E|CS|TAMS 0x000000008e300000, 0x000000008e300000| Complete 
| 228|0x000000008e400000, 0x000000008e500000, 0x000000008e500000|100%| E|CS|TAMS 0x000000008e400000, 0x000000008e400000| Complete 
| 229|0x000000008e500000, 0x000000008e600000, 0x000000008e600000|100%| E|CS|TAMS 0x000000008e500000, 0x000000008e500000| Complete 
| 230|0x000000008e600000, 0x000000008e700000, 0x000000008e700000|100%| E|CS|TAMS 0x000000008e600000, 0x000000008e600000| Complete 
| 231|0x000000008e700000, 0x000000008e800000, 0x000000008e800000|100%| E|CS|TAMS 0x000000008e700000, 0x000000008e700000| Complete 

Card table byte_map: [0x0000029f21da0000,0x0000029f221a0000] _byte_map_base: 0x0000029f219a0000

Marking Bits (Prev, Next): (CMBitMap*) 0x0000029f0ae34890, (CMBitMap*) 0x0000029f0ae34850
 Prev Bits: [0x0000029f245a0000, 0x0000029f265a0000)
 Next Bits: [0x0000029f225a0000, 0x0000029f245a0000)

Polling page: 0x0000029f08db0000

Metaspace:

Usage:
  Non-class:     68.91 MB used.
      Class:     11.24 MB used.
       Both:     80.14 MB used.

Virtual space:
  Non-class space:      128.00 MB reserved,      69.31 MB ( 54%) committed,  2 nodes.
      Class space:      416.00 MB reserved,      11.62 MB (  3%) committed,  1 nodes.
             Both:      544.00 MB reserved,      80.94 MB ( 15%) committed. 

Chunk freelists:
   Non-Class:  10.00 MB
       Class:  4.35 MB
        Both:  14.35 MB

MaxMetaspaceSize: 512.00 MB
CompressedClassSpaceSize: 416.00 MB
Initial GC threshold: 21.00 MB
Current GC threshold: 118.12 MB
CDS: on
MetaspaceReclaimPolicy: balanced
 - commit_granule_bytes: 65536.
 - commit_granule_words: 8192.
 - virtual_space_node_default_size: 8388608.
 - enlarge_chunks_in_place: 1.
 - new_chunks_are_fully_committed: 0.
 - uncommit_free_chunks: 1.
 - use_allocation_guard: 0.
 - handle_deallocations: 1.


Internal statistics:

num_allocs_failed_limit: 6.
num_arena_births: 962.
num_arena_deaths: 0.
num_vsnodes_births: 3.
num_vsnodes_deaths: 0.
num_space_committed: 1295.
num_space_uncommitted: 0.
num_chunks_returned_to_freelist: 6.
num_chunks_taken_from_freelist: 4418.
num_chunk_merges: 6.
num_chunk_splits: 2919.
num_chunks_enlarged: 1921.
num_purges: 0.
num_inconsistent_stats: 0.

CodeHeap 'non-profiled nmethods': size=120000Kb used=4681Kb max_used=4681Kb free=115318Kb
 bounds [0x0000029f1a140000, 0x0000029f1a5e0000, 0x0000029f21670000]
CodeHeap 'profiled nmethods': size=120000Kb used=17836Kb max_used=17836Kb free=102163Kb
 bounds [0x0000029f12670000, 0x0000029f137e0000, 0x0000029f19ba0000]
CodeHeap 'non-nmethods': size=5760Kb used=2383Kb max_used=2470Kb free=3376Kb
 bounds [0x0000029f19ba0000, 0x0000029f19e30000, 0x0000029f1a140000]
 total_blobs=10036 nmethods=9126 adapters=821
 compilation: enabled
              stopped_count=0, restarted_count=0
 full_count=0

Compilation events (20 events):
Event: 78.796 Thread 0x0000029f28fce650 nmethod 9981 0x0000029f137d9690 code [0x0000029f137d98a0, 0x0000029f137da0a8]
Event: 80.302 Thread 0x0000029f28fbce50 9982       4       java.util.concurrent.locks.AbstractQueuedSynchronizer$ConditionObject::enableWait (84 bytes)
Event: 80.308 Thread 0x0000029f28fbce50 nmethod 9982 0x0000029f1a5cc010 code [0x0000029f1a5cc1c0, 0x0000029f1a5cc7e8]
Event: 80.782 Thread 0x0000029f28fce650 9983       3       java.util.HashMap$HashMapSpliterator::getFence (53 bytes)
Event: 80.782 Thread 0x0000029f28fce650 nmethod 9983 0x0000029f137da310 code [0x0000029f137da4a0, 0x0000029f137da658]
Event: 82.788 Thread 0x0000029f28fce650 9984       3       java.util.HashMap$Values::spliterator (16 bytes)
Event: 82.788 Thread 0x0000029f28fce650 nmethod 9984 0x0000029f137da710 code [0x0000029f137da8c0, 0x0000029f137daa88]
Event: 82.788 Thread 0x0000029f28fce650 9985       3       java.util.HashMap$ValueSpliterator::<init> (12 bytes)
Event: 82.788 Thread 0x0000029f28fce650 nmethod 9985 0x0000029f137dab90 code [0x0000029f137dad40, 0x0000029f137daf78]
Event: 83.897 Thread 0x0000029f28fbce50 9986       4       java.io.WinNTFileSystem::prefixLength (91 bytes)
Event: 83.901 Thread 0x0000029f28fbce50 nmethod 9986 0x0000029f1a5cca90 code [0x0000029f1a5ccc40, 0x0000029f1a5cd068]
Event: 84.473 Thread 0x0000029f28fbce50 9987       4       java.util.concurrent.locks.LockSupport::parkNanos (29 bytes)
Event: 84.477 Thread 0x0000029f28fbce50 nmethod 9987 0x0000029f1a5cd490 code [0x0000029f1a5cd620, 0x0000029f1a5cd828]
Event: 85.048 Thread 0x0000029f28fbce50 9988       4       java.util.concurrent.locks.AbstractQueuedSynchronizer$ConditionObject::awaitNanos (200 bytes)
Event: 85.066 Thread 0x0000029f28fbce50 nmethod 9988 0x0000029f1a5cd910 code [0x0000029f1a5cdb00, 0x0000029f1a5ce868]
Event: 87.855 Thread 0x0000029f28fbce50 9989   !   4       java.util.concurrent.locks.AbstractQueuedSynchronizer::acquire (407 bytes)
Event: 87.921 Thread 0x0000029f28fbce50 nmethod 9989 0x0000029f1a5cf090 code [0x0000029f1a5cf2e0, 0x0000029f1a5d16f0]
Event: 90.784 Thread 0x0000029f28fbce50 9990       4       java.util.stream.AbstractPipeline::sourceSpliterator (265 bytes)
Event: 90.788 Thread 0x0000029f28fbce50 nmethod 9990 0x0000029f1a5d2010 code [0x0000029f1a5d21c0, 0x0000029f1a5d2508]
Event: 92.792 Thread 0x0000029f28fbce50 9991       4       javax.management.ObjectName::construct (1135 bytes)

GC Heap History (20 events):
Event: 67.574 GC heap before
{Heap before GC invocations=29 (full 0):
 garbage-first heap   total 119808K, used 94796K [0x0000000080000000, 0x0000000100000000)
  region size 1024K, 32 young (32768K), 3 survivors (3072K)
 Metaspace       used 64998K, committed 65664K, reserved 491520K
  class space    used 9201K, committed 9472K, reserved 425984K
}
Event: 67.580 GC heap after
{Heap after GC invocations=30 (full 0):
 garbage-first heap   total 119808K, used 68732K [0x0000000080000000, 0x0000000100000000)
  region size 1024K, 3 young (3072K), 3 survivors (3072K)
 Metaspace       used 64998K, committed 65664K, reserved 491520K
  class space    used 9201K, committed 9472K, reserved 425984K
}
Event: 68.520 GC heap before
{Heap before GC invocations=30 (full 0):
 garbage-first heap   total 119808K, used 96380K [0x0000000080000000, 0x0000000100000000)
  region size 1024K, 31 young (31744K), 3 survivors (3072K)
 Metaspace       used 66932K, committed 67584K, reserved 491520K
  class space    used 9569K, committed 9856K, reserved 425984K
}
Event: 68.528 GC heap after
{Heap after GC invocations=31 (full 0):
 garbage-first heap   total 119808K, used 71282K [0x0000000080000000, 0x0000000100000000)
  region size 1024K, 3 young (3072K), 3 survivors (3072K)
 Metaspace       used 66932K, committed 67584K, reserved 491520K
  class space    used 9569K, committed 9856K, reserved 425984K
}
Event: 68.948 GC heap before
{Heap before GC invocations=32 (full 0):
 garbage-first heap   total 128000K, used 95858K [0x0000000080000000, 0x0000000100000000)
  region size 1024K, 28 young (28672K), 3 survivors (3072K)
 Metaspace       used 67558K, committed 68224K, reserved 491520K
  class space    used 9651K, committed 9920K, reserved 425984K
}
Event: 68.955 GC heap after
{Heap after GC invocations=33 (full 0):
 garbage-first heap   total 128000K, used 72824K [0x0000000080000000, 0x0000000100000000)
  region size 1024K, 2 young (2048K), 2 survivors (2048K)
 Metaspace       used 67558K, committed 68224K, reserved 491520K
  class space    used 9651K, committed 9920K, reserved 425984K
}
Event: 69.106 GC heap before
{Heap before GC invocations=33 (full 0):
 garbage-first heap   total 128000K, used 77944K [0x0000000080000000, 0x0000000100000000)
  region size 1024K, 9 young (9216K), 2 survivors (2048K)
 Metaspace       used 67650K, committed 68352K, reserved 491520K
  class space    used 9662K, committed 9984K, reserved 425984K
}
Event: 69.109 GC heap after
{Heap after GC invocations=34 (full 0):
 garbage-first heap   total 128000K, used 72885K [0x0000000080000000, 0x0000000100000000)
  region size 1024K, 2 young (2048K), 2 survivors (2048K)
 Metaspace       used 67650K, committed 68352K, reserved 491520K
  class space    used 9662K, committed 9984K, reserved 425984K
}
Event: 69.945 GC heap before
{Heap before GC invocations=35 (full 0):
 garbage-first heap   total 128000K, used 110773K [0x0000000080000000, 0x0000000100000000)
  region size 1024K, 34 young (34816K), 2 survivors (2048K)
 Metaspace       used 69389K, committed 70144K, reserved 491520K
  class space    used 9887K, committed 10240K, reserved 425984K
}
Event: 69.950 GC heap after
{Heap after GC invocations=36 (full 0):
 garbage-first heap   total 128000K, used 84304K [0x0000000080000000, 0x0000000100000000)
  region size 1024K, 5 young (5120K), 5 survivors (5120K)
 Metaspace       used 69389K, committed 70144K, reserved 491520K
  class space    used 9887K, committed 10240K, reserved 425984K
}
Event: 69.978 GC heap before
{Heap before GC invocations=36 (full 0):
 garbage-first heap   total 128000K, used 85328K [0x0000000080000000, 0x0000000100000000)
  region size 1024K, 6 young (6144K), 5 survivors (5120K)
 Metaspace       used 69477K, committed 70208K, reserved 491520K
  class space    used 9902K, committed 10240K, reserved 425984K
}
Event: 69.983 GC heap after
{Heap after GC invocations=37 (full 0):
 garbage-first heap   total 128000K, used 84408K [0x0000000080000000, 0x0000000100000000)
  region size 1024K, 1 young (1024K), 1 survivors (1024K)
 Metaspace       used 69477K, committed 70208K, reserved 491520K
  class space    used 9902K, committed 10240K, reserved 425984K
}
Event: 70.551 GC heap before
{Heap before GC invocations=37 (full 0):
 garbage-first heap   total 128000K, used 106936K [0x0000000080000000, 0x0000000100000000)
  region size 1024K, 24 young (24576K), 1 survivors (1024K)
 Metaspace       used 71595K, committed 72384K, reserved 491520K
  class space    used 10115K, committed 10496K, reserved 425984K
}
Event: 70.555 GC heap after
{Heap after GC invocations=38 (full 0):
 garbage-first heap   total 237568K, used 84729K [0x0000000080000000, 0x0000000100000000)
  region size 1024K, 1 young (1024K), 1 survivors (1024K)
 Metaspace       used 71595K, committed 72384K, reserved 491520K
  class space    used 10115K, committed 10496K, reserved 425984K
}
Event: 72.158 GC heap before
{Heap before GC invocations=39 (full 0):
 garbage-first heap   total 237568K, used 169721K [0x0000000080000000, 0x0000000100000000)
  region size 1024K, 78 young (79872K), 1 survivors (1024K)
 Metaspace       used 77104K, committed 77888K, reserved 557056K
  class space    used 10801K, committed 11200K, reserved 425984K
}
Event: 72.174 GC heap after
{Heap after GC invocations=40 (full 0):
 garbage-first heap   total 237568K, used 90914K [0x0000000080000000, 0x0000000100000000)
  region size 1024K, 7 young (7168K), 7 survivors (7168K)
 Metaspace       used 77104K, committed 77888K, reserved 557056K
  class space    used 10801K, committed 11200K, reserved 425984K
}
Event: 72.374 GC heap before
{Heap before GC invocations=40 (full 0):
 garbage-first heap   total 237568K, used 95010K [0x0000000080000000, 0x0000000100000000)
  region size 1024K, 11 young (11264K), 7 survivors (7168K)
 Metaspace       used 77387K, committed 78144K, reserved 557056K
  class space    used 10853K, committed 11264K, reserved 425984K
}
Event: 72.380 GC heap after
{Heap after GC invocations=41 (full 0):
 garbage-first heap   total 237568K, used 91824K [0x0000000080000000, 0x0000000100000000)
  region size 1024K, 1 young (1024K), 1 survivors (1024K)
 Metaspace       used 77387K, committed 78144K, reserved 557056K
  class space    used 10853K, committed 11264K, reserved 425984K
}
Event: 74.274 GC heap before
{Heap before GC invocations=41 (full 0):
 garbage-first heap   total 237568K, used 173744K [0x0000000080000000, 0x0000000100000000)
  region size 1024K, 81 young (82944K), 1 survivors (1024K)
 Metaspace       used 81954K, committed 82816K, reserved 557056K
  class space    used 11496K, committed 11904K, reserved 425984K
}
Event: 74.281 GC heap after
{Heap after GC invocations=42 (full 0):
 garbage-first heap   total 237568K, used 94882K [0x0000000080000000, 0x0000000100000000)
  region size 1024K, 4 young (4096K), 4 survivors (4096K)
 Metaspace       used 81954K, committed 82816K, reserved 557056K
  class space    used 11496K, committed 11904K, reserved 425984K
}

Deoptimization events (20 events):
Event: 72.111 Thread 0x0000029f49cca920 DEOPT PACKING pc=0x0000029f1a1c8508 sp=0x000000ad514f1d90
Event: 72.111 Thread 0x0000029f49cca920 DEOPT UNPACKING pc=0x0000029f19bf23a3 sp=0x000000ad514f1cb0 mode 2
Event: 72.112 Thread 0x0000029f49cca920 Uncommon trap: trap_request=0xffffff45 fr.pc=0x0000029f1a39cae4 relative=0x0000000000000244
Event: 72.112 Thread 0x0000029f49cca920 Uncommon trap: reason=unstable_if action=reinterpret pc=0x0000029f1a39cae4 method=org.objectweb.asm.Label.resolve([BI)Z @ 80 c2
Event: 72.112 Thread 0x0000029f49cca920 DEOPT PACKING pc=0x0000029f1a39cae4 sp=0x000000ad514f1d20
Event: 72.112 Thread 0x0000029f49cca920 DEOPT UNPACKING pc=0x0000029f19bf23a3 sp=0x000000ad514f1ca0 mode 2
Event: 73.581 Thread 0x0000029f49cca920 DEOPT PACKING pc=0x0000029f1303c7e6 sp=0x000000ad514f3600
Event: 73.581 Thread 0x0000029f49cca920 DEOPT UNPACKING pc=0x0000029f19bf2b43 sp=0x000000ad514f2ac8 mode 0
Event: 73.581 Thread 0x0000029f49cca920 DEOPT PACKING pc=0x0000029f12ccc2b1 sp=0x000000ad514f35d0
Event: 73.581 Thread 0x0000029f49cca920 DEOPT UNPACKING pc=0x0000029f19bf2b43 sp=0x000000ad514f2ac0 mode 0
Event: 73.585 Thread 0x0000029f49cca920 DEOPT PACKING pc=0x0000029f12ccc2b1 sp=0x000000ad514f35d0
Event: 73.585 Thread 0x0000029f49cca920 DEOPT UNPACKING pc=0x0000029f19bf2b43 sp=0x000000ad514f2ac0 mode 0
Event: 73.585 Thread 0x0000029f49cca920 DEOPT PACKING pc=0x0000029f1303c7e6 sp=0x000000ad514f3600
Event: 73.585 Thread 0x0000029f49cca920 DEOPT UNPACKING pc=0x0000029f19bf2b43 sp=0x000000ad514f2ac8 mode 0
Event: 73.587 Thread 0x0000029f49cca920 Uncommon trap: trap_request=0xffffff45 fr.pc=0x0000029f1a20cd04 relative=0x0000000000000664
Event: 73.587 Thread 0x0000029f49cca920 Uncommon trap: reason=unstable_if action=reinterpret pc=0x0000029f1a20cd04 method=java.lang.String.replace(CC)Ljava/lang/String; @ 2 c2
Event: 73.587 Thread 0x0000029f49cca920 DEOPT PACKING pc=0x0000029f1a20cd04 sp=0x000000ad514f36e0
Event: 73.587 Thread 0x0000029f49cca920 DEOPT UNPACKING pc=0x0000029f19bf23a3 sp=0x000000ad514f3690 mode 2
Event: 74.473 Thread 0x0000029f49cca920 DEOPT PACKING pc=0x0000029f13289235 sp=0x000000ad514efcc0
Event: 74.473 Thread 0x0000029f49cca920 DEOPT UNPACKING pc=0x0000029f19bf2b43 sp=0x000000ad514ef1e8 mode 0

Classes unloaded (0 events):
No events

Classes redefined (0 events):
No events

Internal exceptions (20 events):
Event: 74.348 Thread 0x0000029f49cca920 Exception <a 'java/lang/ClassNotFoundException'{0x000000008e278820}: com/android/build/gradle/internal/dsl/SigningConfigBeanInfo> (0x000000008e278820) 
thrown [s\open\src\hotspot\share\classfile\systemDictionary.cpp, line 256]
Event: 74.349 Thread 0x0000029f49cca920 Exception <a 'java/lang/ClassNotFoundException'{0x000000008e28aae8}: com/android/builder/signing/DefaultSigningConfigBeanInfo> (0x000000008e28aae8) 
thrown [s\open\src\hotspot\share\classfile\systemDictionary.cpp, line 256]
Event: 74.350 Thread 0x0000029f49cca920 Exception <a 'java/lang/ClassNotFoundException'{0x000000008e29cde8}: com/android/builder/signing/DefaultSigningConfigCustomizer> (0x000000008e29cde8) 
thrown [s\open\src\hotspot\share\classfile\systemDictionary.cpp, line 256]
Event: 74.353 Thread 0x0000029f49cca920 Exception <a 'java/lang/ClassNotFoundException'{0x000000008e2c6f30}: com/android/build/gradle/internal/dsl/SigningConfigCustomizer> (0x000000008e2c6f30) 
thrown [s\open\src\hotspot\share\classfile\systemDictionary.cpp, line 256]
Event: 74.354 Thread 0x0000029f49cca920 Exception <a 'java/lang/ClassNotFoundException'{0x000000008e2e04b0}: com/android/build/gradle/internal/dsl/SigningConfig$AgpDecoratedCustomizer> (0x000000008e2e04b0) 
thrown [s\open\src\hotspot\share\classfile\systemDictionary.cpp, line 256]
Event: 74.357 Thread 0x0000029f49cca920 Exception <a 'java/lang/ClassNotFoundException'{0x000000008e115ec0}: com/android/build/gradle/internal/dsl/SigningConfig$AgpDecorated_DecoratedCustomizer> (0x000000008e115ec0) 
thrown [s\open\src\hotspot\share\classfile\systemDictionary.cpp, line 256]
Event: 74.362 Thread 0x0000029f49cca920 Exception <a 'java/lang/ClassNotFoundException'{0x000000008e181d50}: build_cqmk1gpybdlkp5wxtarggr7wv$_run_closure2$_closure5BeanInfo> (0x000000008e181d50) 
thrown [s\open\src\hotspot\share\classfile\systemDictionary.cpp, line 256]
Event: 74.364 Thread 0x0000029f49cca920 Exception <a 'java/lang/ClassNotFoundException'{0x000000008e18fb38}: build_cqmk1gpybdlkp5wxtarggr7wv$_run_closure2$_closure5Customizer> (0x000000008e18fb38) 
thrown [s\open\src\hotspot\share\classfile\systemDictionary.cpp, line 256]
Event: 74.367 Thread 0x0000029f49cca920 Exception <a 'java/lang/ClassNotFoundException'{0x000000008e1bc908}: build_cqmk1gpybdlkp5wxtarggr7wv$_run_closure2BeanInfo> (0x000000008e1bc908) 
thrown [s\open\src\hotspot\share\classfile\systemDictionary.cpp, line 256]
Event: 74.367 Thread 0x0000029f49cca920 Exception <a 'java/lang/ClassNotFoundException'{0x000000008e1ca8c8}: build_cqmk1gpybdlkp5wxtarggr7wv$_run_closure2Customizer> (0x000000008e1ca8c8) 
thrown [s\open\src\hotspot\share\classfile\systemDictionary.cpp, line 256]
Event: 74.446 Thread 0x0000029f49cca920 Exception <a 'java/lang/ClassNotFoundException'{0x000000008d9e20b8}: com/android/build/gradle/internal/dsl/BuildType$AgpDecorated_DecoratedBeanInfo> (0x000000008d9e20b8) 
thrown [s\open\src\hotspot\share\classfile\systemDictionary.cpp, line 256]
Event: 74.448 Thread 0x0000029f49cca920 Exception <a 'java/lang/ClassNotFoundException'{0x000000008d9f3340}: com/android/build/gradle/internal/dsl/BuildType$AgpDecoratedBeanInfo> (0x000000008d9f3340) 
thrown [s\open\src\hotspot\share\classfile\systemDictionary.cpp, line 256]
Event: 74.448 Thread 0x0000029f49cca920 Exception <a 'java/lang/ClassNotFoundException'{0x000000008d805420}: com/android/build/gradle/internal/dsl/BuildTypeBeanInfo> (0x000000008d805420) 
thrown [s\open\src\hotspot\share\classfile\systemDictionary.cpp, line 256]
Event: 74.449 Thread 0x0000029f49cca920 Exception <a 'java/lang/ClassNotFoundException'{0x000000008d8172d8}: com/android/builder/core/AbstractBuildTypeBeanInfo> (0x000000008d8172d8) 
thrown [s\open\src\hotspot\share\classfile\systemDictionary.cpp, line 256]
Event: 74.450 Thread 0x0000029f49cca920 Exception <a 'java/lang/ClassNotFoundException'{0x000000008d829180}: com/android/builder/core/AbstractBuildTypeCustomizer> (0x000000008d829180) 
thrown [s\open\src\hotspot\share\classfile\systemDictionary.cpp, line 256]
Event: 74.452 Thread 0x0000029f49cca920 Exception <a 'java/lang/ClassNotFoundException'{0x000000008d856d40}: com/android/build/gradle/internal/dsl/BuildTypeCustomizer> (0x000000008d856d40) 
thrown [s\open\src\hotspot\share\classfile\systemDictionary.cpp, line 256]
Event: 74.455 Thread 0x0000029f49cca920 Exception <a 'java/lang/ClassNotFoundException'{0x000000008d8e4c50}: com/android/build/gradle/internal/dsl/BuildType$AgpDecoratedCustomizer> (0x000000008d8e4c50) 
thrown [s\open\src\hotspot\share\classfile\systemDictionary.cpp, line 256]
Event: 74.458 Thread 0x0000029f49cca920 Exception <a 'java/lang/ClassNotFoundException'{0x000000008d73b1d0}: com/android/build/gradle/internal/dsl/BuildType$AgpDecorated_DecoratedCustomizer> (0x000000008d73b1d0) 
thrown [s\open\src\hotspot\share\classfile\systemDictionary.cpp, line 256]
Event: 74.470 Thread 0x0000029f49cca920 Exception <a 'java/lang/ClassNotFoundException'{0x000000008d632f08}: build_cqmk1gpybdlkp5wxtarggr7wv$_run_closure2$_closure6BeanInfo> (0x000000008d632f08) 
thrown [s\open\src\hotspot\share\classfile\systemDictionary.cpp, line 256]
Event: 74.471 Thread 0x0000029f49cca920 Exception <a 'java/lang/ClassNotFoundException'{0x000000008d640cf0}: build_cqmk1gpybdlkp5wxtarggr7wv$_run_closure2$_closure6Customizer> (0x000000008d640cf0) 
thrown [s\open\src\hotspot\share\classfile\systemDictionary.cpp, line 256]

VM Operations (20 events):
Event: 70.723 Executing VM operation: G1Concurrent
Event: 70.723 Executing VM operation: G1Concurrent done
Event: 70.861 Executing VM operation: HandshakeAllThreads
Event: 70.861 Executing VM operation: HandshakeAllThreads done
Event: 70.922 Executing VM operation: HandshakeAllThreads
Event: 70.922 Executing VM operation: HandshakeAllThreads done
Event: 71.044 Executing VM operation: HandshakeAllThreads
Event: 71.044 Executing VM operation: HandshakeAllThreads done
Event: 72.048 Executing VM operation: Cleanup
Event: 72.049 Executing VM operation: Cleanup done
Event: 72.158 Executing VM operation: G1CollectForAllocation
Event: 72.175 Executing VM operation: G1CollectForAllocation done
Event: 72.374 Executing VM operation: G1CollectForAllocation
Event: 72.381 Executing VM operation: G1CollectForAllocation done
Event: 73.394 Executing VM operation: Cleanup
Event: 73.394 Executing VM operation: Cleanup done
Event: 74.274 Executing VM operation: G1CollectForAllocation
Event: 74.281 Executing VM operation: G1CollectForAllocation done
Event: 75.296 Executing VM operation: Cleanup
Event: 75.296 Executing VM operation: Cleanup done

Events (20 events):
Event: 73.477 loading class jdk/internal/vm/annotation/ForceInline
Event: 73.477 loading class jdk/internal/vm/annotation/ForceInline done
Event: 73.522 loading class java/util/TreeMap$EntrySpliterator
Event: 73.522 loading class java/util/TreeMap$EntrySpliterator done
Event: 73.535 loading class java/util/Stack
Event: 73.536 loading class java/util/Stack done
Event: 73.550 loading class org/xml/sax/ContentHandler
Event: 73.550 loading class org/xml/sax/ContentHandler done
Event: 73.550 loading class org/xml/sax/EntityResolver
Event: 73.550 loading class org/xml/sax/EntityResolver done
Event: 73.550 loading class org/xml/sax/DTDHandler
Event: 73.550 loading class org/xml/sax/DTDHandler done
Event: 73.562 loading class java/util/Spliterators$IntArraySpliterator
Event: 73.563 loading class java/util/Spliterators$IntArraySpliterator done
Event: 73.568 loading class java/text/ParsePosition
Event: 73.568 loading class java/text/ParsePosition done
Event: 73.575 loading class java/text/CharacterIterator
Event: 73.575 loading class java/text/CharacterIterator done
Event: 74.258 loading class java/beans/IntrospectionException
Event: 74.258 loading class java/beans/IntrospectionException done


Dynamic libraries:
0x00007ff6b3c70000 - 0x00007ff6b3c80000 	C:\Program Files\Java\jdk-17\bin\java.exe
0x00007ff83def0000 - 0x00007ff83e107000 	C:\WINDOWS\SYSTEM32\ntdll.dll
0x00007ff83c150000 - 0x00007ff83c214000 	C:\WINDOWS\System32\KERNEL32.DLL
0x00007ff83b280000 - 0x00007ff83b627000 	C:\WINDOWS\System32\KERNELBASE.dll
0x00007ff83ba80000 - 0x00007ff83bb91000 	C:\WINDOWS\System32\ucrtbase.dll
0x00007ff8363c0000 - 0x00007ff8363d9000 	C:\Program Files\Java\jdk-17\bin\jli.dll
0x00007ff8363e0000 - 0x00007ff8363fb000 	C:\Program Files\Java\jdk-17\bin\VCRUNTIME140.dll
0x00007ff83bc40000 - 0x00007ff83bcf2000 	C:\WINDOWS\System32\ADVAPI32.dll
0x00007ff83cd20000 - 0x00007ff83cdc7000 	C:\WINDOWS\System32\msvcrt.dll
0x00007ff83bd00000 - 0x00007ff83bda8000 	C:\WINDOWS\System32\sechost.dll
0x00007ff83b750000 - 0x00007ff83b778000 	C:\WINDOWS\System32\bcrypt.dll
0x00007ff83d0c0000 - 0x00007ff83d1d5000 	C:\WINDOWS\System32\RPCRT4.dll
0x00007ff83d6e0000 - 0x00007ff83d88e000 	C:\WINDOWS\System32\USER32.dll
0x00007ff81e100000 - 0x00007ff81e393000 	C:\WINDOWS\WinSxS\amd64_microsoft.windows.common-controls_6595b64144ccf1df_6.0.22621.3527_none_270e469b73872a76\COMCTL32.dll
0x00007ff83b780000 - 0x00007ff83b7a6000 	C:\WINDOWS\System32\win32u.dll
0x00007ff83c2e0000 - 0x00007ff83c309000 	C:\WINDOWS\System32\GDI32.dll
0x00007ff83b630000 - 0x00007ff83b749000 	C:\WINDOWS\System32\gdi32full.dll
0x00007ff83b9e0000 - 0x00007ff83ba7a000 	C:\WINDOWS\System32\msvcp_win.dll
0x00007ff835040000 - 0x00007ff83504a000 	C:\WINDOWS\SYSTEM32\VERSION.dll
0x00007ff83c110000 - 0x00007ff83c141000 	C:\WINDOWS\System32\IMM32.DLL
0x00007ff836360000 - 0x00007ff83636c000 	C:\Program Files\Java\jdk-17\bin\vcruntime140_1.dll
0x00007fffc2d60000 - 0x00007fffc2dee000 	C:\Program Files\Java\jdk-17\bin\msvcp140.dll
0x00007fffc2180000 - 0x00007fffc2d5e000 	C:\Program Files\Java\jdk-17\bin\server\jvm.dll
0x00007ff83bf30000 - 0x00007ff83bf38000 	C:\WINDOWS\System32\PSAPI.DLL
0x00007ff821770000 - 0x00007ff821779000 	C:\WINDOWS\SYSTEM32\WSOCK32.dll
0x00007ff834db0000 - 0x00007ff834de4000 	C:\WINDOWS\SYSTEM32\WINMM.dll
0x00007ff83d660000 - 0x00007ff83d6d1000 	C:\WINDOWS\System32\WS2_32.dll
0x00007ff83a2e0000 - 0x00007ff83a2f8000 	C:\WINDOWS\SYSTEM32\kernel.appcore.dll
0x00007ff835a00000 - 0x00007ff835a0a000 	C:\Program Files\Java\jdk-17\bin\jimage.dll
0x00007ff828ff0000 - 0x00007ff829223000 	C:\WINDOWS\SYSTEM32\DBGHELP.DLL
0x00007ff83d890000 - 0x00007ff83dc18000 	C:\WINDOWS\System32\combase.dll
0x00007ff83dcd0000 - 0x00007ff83dda7000 	C:\WINDOWS\System32\OLEAUT32.dll
0x00007ff828dc0000 - 0x00007ff828df2000 	C:\WINDOWS\SYSTEM32\dbgcore.DLL
0x00007ff83bba0000 - 0x00007ff83bc19000 	C:\WINDOWS\System32\bcryptPrimitives.dll
0x00007ff838520000 - 0x00007ff83852e000 	C:\Program Files\Java\jdk-17\bin\instrument.dll
0x00007ff802ac0000 - 0x00007ff802ae5000 	C:\Program Files\Java\jdk-17\bin\java.dll
0x00007fffc20a0000 - 0x00007fffc2177000 	C:\Program Files\Java\jdk-17\bin\jsvml.dll
0x00007ff83c4c0000 - 0x00007ff83cd1c000 	C:\WINDOWS\System32\SHELL32.dll
0x00007ff839110000 - 0x00007ff839a06000 	C:\WINDOWS\SYSTEM32\windows.storage.dll
0x00007ff838fd0000 - 0x00007ff83910e000 	C:\WINDOWS\SYSTEM32\wintypes.dll
0x00007ff83ddb0000 - 0x00007ff83dea5000 	C:\WINDOWS\System32\SHCORE.dll
0x00007ff83c230000 - 0x00007ff83c28e000 	C:\WINDOWS\System32\shlwapi.dll
0x00007ff83b140000 - 0x00007ff83b161000 	C:\WINDOWS\SYSTEM32\profapi.dll
0x00007ff802550000 - 0x00007ff802568000 	C:\Program Files\Java\jdk-17\bin\zip.dll
0x00007ff804150000 - 0x00007ff804169000 	C:\Program Files\Java\jdk-17\bin\net.dll
0x00007ff8353e0000 - 0x00007ff835516000 	C:\WINDOWS\SYSTEM32\WINHTTP.dll
0x00007ff83a750000 - 0x00007ff83a7b9000 	C:\WINDOWS\system32\mswsock.dll
0x00007ff802590000 - 0x00007ff8025a6000 	C:\Program Files\Java\jdk-17\bin\nio.dll
0x00007ff8195d0000 - 0x00007ff8195e0000 	C:\Program Files\Java\jdk-17\bin\verify.dll
0x00007ff835cf0000 - 0x00007ff835d17000 	C:\Users\ADMIN\.gradle\native\c067742578af261105cb4f569cf0c3c89f3d7b1fecec35dd04571415982c5e48\windows-amd64\native-platform.dll
0x00007ff806950000 - 0x00007ff806a94000 	C:\Users\ADMIN\.gradle\native\38dada09dfb8b06ba9b0570ebf7e218e3eb74d4ef43ca46872605cf95ebc2f47\windows-amd64\native-platform-file-events.dll
0x00007ff8359f0000 - 0x00007ff8359fa000 	C:\Program Files\Java\jdk-17\bin\management.dll
0x00007ff833210000 - 0x00007ff83321b000 	C:\Program Files\Java\jdk-17\bin\management_ext.dll
0x00007ff83a990000 - 0x00007ff83a9ab000 	C:\WINDOWS\SYSTEM32\CRYPTSP.dll
0x00007ff83a240000 - 0x00007ff83a275000 	C:\WINDOWS\system32\rsaenh.dll
0x00007ff83a810000 - 0x00007ff83a838000 	C:\WINDOWS\SYSTEM32\USERENV.dll
0x00007ff83a980000 - 0x00007ff83a98c000 	C:\WINDOWS\SYSTEM32\CRYPTBASE.dll
0x00007ff839d20000 - 0x00007ff839d4d000 	C:\WINDOWS\SYSTEM32\IPHLPAPI.DLL
0x00007ff83c220000 - 0x00007ff83c229000 	C:\WINDOWS\System32\NSI.dll
0x00007ff835200000 - 0x00007ff835219000 	C:\WINDOWS\SYSTEM32\dhcpcsvc6.DLL
0x00007ff8351e0000 - 0x00007ff8351ff000 	C:\WINDOWS\SYSTEM32\dhcpcsvc.DLL
0x00007ff839d50000 - 0x00007ff839e49000 	C:\WINDOWS\SYSTEM32\DNSAPI.dll
0x00007ff832da0000 - 0x00007ff832dae000 	C:\Program Files\Java\jdk-17\bin\sunmscapi.dll
0x00007ff83b7b0000 - 0x00007ff83b917000 	C:\WINDOWS\System32\CRYPT32.dll
0x00007ff83abb0000 - 0x00007ff83abde000 	C:\WINDOWS\SYSTEM32\ncrypt.dll
0x00007ff83ab70000 - 0x00007ff83aba7000 	C:\WINDOWS\SYSTEM32\NTASN1.dll
0x00007ff8199b0000 - 0x00007ff8199b8000 	C:\WINDOWS\system32\wshunix.dll
0x00007ff81da40000 - 0x00007ff81da57000 	C:\WINDOWS\system32\napinsp.dll
0x00007ff81c3e0000 - 0x00007ff81c3fb000 	C:\WINDOWS\system32\pnrpnsp.dll
0x00007ff81b930000 - 0x00007ff81b941000 	C:\WINDOWS\System32\winrnr.dll
0x00007ff81b910000 - 0x00007ff81b925000 	C:\WINDOWS\system32\wshbth.dll
0x00007ff81b8e0000 - 0x00007ff81b901000 	C:\WINDOWS\system32\nlansp_c.dll
0x00007ff82b850000 - 0x00007ff82b85a000 	C:\Windows\System32\rasadhlp.dll
0x00007ff8343d0000 - 0x00007ff834453000 	C:\WINDOWS\System32\fwpuclnt.dll

dbghelp: loaded successfully - version: 4.0.5 - missing functions: none
symbol engine: initialized successfully - sym options: 0x614 - pdb path: .;C:\Program Files\Java\jdk-17\bin;C:\WINDOWS\SYSTEM32;C:\WINDOWS\WinSxS\amd64_microsoft.windows.common-controls_6595b64144ccf1df_6.0.22621.3527_none_270e469b73872a76;C:\Program Files\Java\jdk-17\bin\server;C:\Users\ADMIN\.gradle\native\c067742578af261105cb4f569cf0c3c89f3d7b1fecec35dd04571415982c5e48\windows-amd64;C:\Users\ADMIN\.gradle\native\38dada09dfb8b06ba9b0570ebf7e218e3eb74d4ef43ca46872605cf95ebc2f47\windows-amd64

VM Arguments:
jvm_args: -XX:MaxMetaspaceSize=512m --add-opens=java.base/java.util=ALL-UNNAMED --add-opens=java.base/java.lang=ALL-UNNAMED --add-opens=java.base/java.lang.invoke=ALL-UNNAMED --add-opens=java.prefs/java.util.prefs=ALL-UNNAMED --add-opens=java.base/java.nio.charset=ALL-UNNAMED --add-opens=java.base/java.net=ALL-UNNAMED --add-opens=java.base/java.util.concurrent.atomic=ALL-UNNAMED -Xmx2048m -Dfile.encoding=windows-1252 -Duser.country=IN -Duser.language=en -Duser.variant -javaagent:C:\Users\ADMIN\.gradle\wrapper\dists\gradle-8.6-all\3mbtmo166bl6vumsh5k2lkq5h\gradle-8.6\lib\agents\gradle-instrumentation-agent-8.6.jar 
java_command: org.gradle.launcher.daemon.bootstrap.GradleDaemon 8.6
java_class_path (initial): C:\Users\ADMIN\.gradle\wrapper\dists\gradle-8.6-all\3mbtmo166bl6vumsh5k2lkq5h\gradle-8.6\lib\gradle-launcher-8.6.jar
Launcher Type: SUN_STANDARD

[Global flags]
     intx CICompilerCount                          = 4                                         {product} {ergonomic}
   size_t CompressedClassSpaceSize                 = 436207616                                 {product} {ergonomic}
     uint ConcGCThreads                            = 2                                         {product} {ergonomic}
     uint G1ConcRefinementThreads                  = 8                                         {product} {ergonomic}
   size_t G1HeapRegionSize                         = 1048576                                   {product} {ergonomic}
    uintx GCDrainStackTargetSize                   = 64                                        {product} {ergonomic}
   size_t InitialHeapSize                          = 132120576                                 {product} {ergonomic}
   size_t MarkStackSize                            = 4194304                                   {product} {ergonomic}
   size_t MaxHeapSize                              = 2147483648                                {product} {command line}
   size_t MaxMetaspaceSize                         = 536870912                                 {product} {command line}
   size_t MaxNewSize                               = 1287651328                                {product} {ergonomic}
   size_t MinHeapDeltaBytes                        = 1048576                                   {product} {ergonomic}
   size_t MinHeapSize                              = 8388608                                   {product} {ergonomic}
    uintx NonNMethodCodeHeapSize                   = 5839372                                {pd product} {ergonomic}
    uintx NonProfiledCodeHeapSize                  = 122909434                              {pd product} {ergonomic}
    uintx ProfiledCodeHeapSize                     = 122909434                              {pd product} {ergonomic}
    uintx ReservedCodeCacheSize                    = 251658240                              {pd product} {ergonomic}
     bool SegmentedCodeCache                       = true                                      {product} {ergonomic}
   size_t SoftMaxHeapSize                          = 2147483648                             {manageable} {ergonomic}
     bool UseCompressedClassPointers               = true                           {product lp64_product} {ergonomic}
     bool UseCompressedOops                        = true                           {product lp64_product} {ergonomic}
     bool UseG1GC                                  = true                                      {product} {ergonomic}
     bool UseLargePagesIndividualAllocation        = false                                  {pd product} {ergonomic}

Logging:
Log output configuration:
 #0: stdout all=warning uptime,level,tags
 #1: stderr all=off uptime,level,tags

Environment Variables:
JAVA_HOME=C:\Program Files\Java\jdk-17
CLASSPATH=E:\Safwan\Trusty\android\\gradle\wrapper\gradle-wrapper.jar
PATH=E:\Safwan\Trusty\node_modules\.bin;E:\Safwan\Trusty\node_modules\.bin;E:\Safwan\node_modules\.bin;E:\node_modules\.bin;C:\Program Files\nodejs\node_modules\npm\node_modules\@npmcli\run-script\lib\node-gyp-bin;E:\Safwan\Trusty\node_modules\.bin;E:\Safwan\node_modules\.bin;E:\node_modules\.bin;C:\Program Files\nodejs\node_modules\npm\node_modules\@npmcli\run-script\lib\node-gyp-bin;C:\Program Files\Common Files\Oracle\Java\javapath;C:\WINDOWS\system32;C:\WINDOWS;C:\WINDOWS\System32\Wbem;C:\WINDOWS\System32\WindowsPowerShell\v1.0\;C:\WINDOWS\System32\OpenSSH\;C:\\Users\\UserName\\AppData\\Local\\Android\\sdk;C:\Program Files\Git\cmd;C:\Users\ADMIN\AppData\Local\Android\Sdk\platform-tools;C:\flutter\bin;C:\Program Files\Java\jdk-17\bin;C:\Program Files\Docker\Docker\resources\bin;C:\Program Files\MongoDB\Server\7.0\bin;C:\Program Files\dotnet\;C:\Program Files\nodejs\;C:\Users\ADMIN\AppData\Local\python2\scripts;C:\Users\ADMIN\AppData\Local\python2;C:\Users\ADMIN\AppData\Local\Microsoft\WindowsApps;C:\Users\ADMIN\AppData\Local\Programs\Microsoft VS Code\bin;C:\Users\ADMIN\AppData\Local\Android\Sdk\platform-tools;C:\Program Files\Java\jdk-17\bin;C:\flutter\bin;C:\Users\ADMIN\AppData\Local\Android\Sdk;C:\Users\ADMIN\AppData\Local\Android\Sdk\cmdline-tools\latest\bin;C:\Users\ADMIN\AppData\Local\Android\Sdk\platform-tools;C:\Users\ADMIN\AppData\Local\Android\Sdk\build-tools;C:\Users\ADMIN\AppData\Local\Android\Sdk\emulator;C:\Program Files\Java\jdk-17\bin;C:\Gradle\gradle-8.4\bin;C:\Users\ADMIN\Downloads\mongosh-2.1.1-win32-x64\mongosh-2.1.1-win32-x64\bin;C:\Users\ADMIN\.dotnet\tools;C:\Users\ADMIN\AppData\Roaming\npm
USERNAME=ADMIN
LANG=en_US.UTF-8
OS=Windows_NT
PROCESSOR_IDENTIFIER=Intel64 Family 6 Model 142 Stepping 12, GenuineIntel



---------------  S Y S T E M  ---------------

OS:
 Windows 11 , 64 bit Build 22621 (10.0.22621.3527)
OS uptime: 0 days 7:34 hours
Hyper-V role detected

CPU: total 8 (initial active 8) (4 cores per cpu, 2 threads per core) family 6 model 142 stepping 12 microcode 0xde, cx8, cmov, fxsr, ht, mmx, 3dnowpref, sse, sse2, sse3, ssse3, sse4.1, sse4.2, popcnt, lzcnt, tsc, tscinvbit, avx, avx2, aes, erms, clmul, bmi1, bmi2, adx, fma, vzeroupper, clflush, clflushopt, hv

Memory: 4k page, system-wide physical 7997M (180M free)
TotalPageFile size 32573M (AvailPageFile size 7M)
current process WorkingSet (physical memory assigned to process): 304M, peak: 413M
current process commit charge ("private bytes"): 512M, peak: 515M

vm_info: Java HotSpot(TM) 64-Bit Server VM (17.0.8+9-LTS-211) for windows-amd64 JRE (17.0.8+9-LTS-211), built on Jun 14 2023 10:34:31 by "mach5one" with MS VC++ 17.1 (VS2022)

END.
